Using pre-set license
Built from '2021.3/china_unity/release' branch; Version is '2021.3.4f1c1 (64682593795a) revision 6580261'; Using compiler version '192829333'; Build Type 'Release'
OS: 'Windows 11  (10.0.26100) 64bit Professional' Language: 'zh' Physical Memory: 32581 MB
BatchMode: 1, IsHumanControllingUs: 0, StartBugReporterOnCrash: 0, Is64bit: 1, IsPro: 1

COMMAND LINE ARGUMENTS:
C:\Program Files\Unity\Hub\Editor\2021.3.4f1c1\Editor\Unity.exe
-adb2
-batchMode
-noUpm
-name
AssetImportWorker0
-projectPath
B:/Learn/Unity/AITowerGame
-logFile
Logs/AssetImportWorker0.log
-srvPort
49618
Successfully changed project path to: B:/Learn/Unity/AITowerGame
B:/Learn/Unity/AITowerGame
[UnityMemory] Configuration Parameters - Can be set up in boot.config
    "memorysetup-bucket-allocator-granularity=16"
    "memorysetup-bucket-allocator-bucket-count=8"
    "memorysetup-bucket-allocator-block-size=33554432"
    "memorysetup-bucket-allocator-block-count=8"
    "memorysetup-main-allocator-block-size=16777216"
    "memorysetup-thread-allocator-block-size=16777216"
    "memorysetup-gfx-main-allocator-block-size=16777216"
    "memorysetup-gfx-thread-allocator-block-size=16777216"
    "memorysetup-cache-allocator-block-size=4194304"
    "memorysetup-typetree-allocator-block-size=2097152"
    "memorysetup-profiler-bucket-allocator-granularity=16"
    "memorysetup-profiler-bucket-allocator-bucket-count=8"
    "memorysetup-profiler-bucket-allocator-block-size=33554432"
    "memorysetup-profiler-bucket-allocator-block-count=8"
    "memorysetup-profiler-allocator-block-size=16777216"
    "memorysetup-profiler-editor-allocator-block-size=1048576"
    "memorysetup-temp-allocator-size-main=16777216"
    "memorysetup-job-temp-allocator-block-size=2097152"
    "memorysetup-job-temp-allocator-block-size-background=1048576"
    "memorysetup-job-temp-allocator-reduction-small-platforms=262144"
    "memorysetup-temp-allocator-size-background-worker=32768"
    "memorysetup-temp-allocator-size-job-worker=262144"
    "memorysetup-temp-allocator-size-preload-manager=33554432"
    "memorysetup-temp-allocator-size-nav-mesh-worker=65536"
    "memorysetup-temp-allocator-size-audio-worker=65536"
    "memorysetup-temp-allocator-size-cloud-worker=32768"
    "memorysetup-temp-allocator-size-gi-baking-worker=262144"
    "memorysetup-temp-allocator-size-gfx=262144"
AS: AutoStreaming module initializing.
Refreshing native plugins compatible for Editor in 246.06 ms, found 4 plugins.
Preloading 0 native plugins for Editor in 0.00 ms.
Initialize engine version: 2021.3.4f1c1 (64682593795a)
[Subsystems] Discovering subsystems at path C:/Program Files/Unity/Hub/Editor/2021.3.4f1c1/Editor/Data/Resources/UnitySubsystems
[Subsystems] Discovering subsystems at path B:/Learn/Unity/AITowerGame/Assets
GfxDevice: creating device client; threaded=0; jobified=0
Direct3D:
    Version:  Direct3D 11.0 [level 11.1]
    Renderer: NVIDIA GeForce RTX 3060 (ID=0x2487)
    Vendor:   NVIDIA
    VRAM:     12110 MB
    Driver:   32.0.15.6094
Initialize mono
Mono path[0] = 'C:/Program Files/Unity/Hub/Editor/2021.3.4f1c1/Editor/Data/Managed'
Mono path[1] = 'C:/Program Files/Unity/Hub/Editor/2021.3.4f1c1/Editor/Data/MonoBleedingEdge/lib/mono/unityjit-win32'
Mono config path = 'C:/Program Files/Unity/Hub/Editor/2021.3.4f1c1/Editor/Data/MonoBleedingEdge/etc'
Using monoOptions --debugger-agent=transport=dt_socket,embedding=1,server=y,suspend=n,address=127.0.0.1:56556
Begin MonoManager ReloadAssembly
Registering precompiled unity dll's ...
Register platform support module: C:/Program Files/Unity/Hub/Editor/2021.3.4f1c1/Editor/Data/PlaybackEngines/WebGLSupport/UnityEditor.WebGL.Extensions.dll
Register platform support module: C:/Program Files/Unity/Hub/Editor/2021.3.4f1c1/Editor/Data/PlaybackEngines/AndroidPlayer/UnityEditor.Android.Extensions.dll
Register platform support module: C:/Program Files/Unity/Hub/Editor/2021.3.4f1c1/Editor/Data/PlaybackEngines/WindowsStandaloneSupport/UnityEditor.WindowsStandalone.Extensions.dll
Registered in 0.099533 seconds.
Native extension for WindowsStandalone target not found
Native extension for Android target not found
Native extension for WebGL target not found
Refreshing native plugins compatible for Editor in 141.11 ms, found 4 plugins.
Preloading 0 native plugins for Editor in 0.00 ms.
Mono: successfully reloaded assembly
- Completed reload, in  2.244 seconds
Domain Reload Profiling:
	ReloadAssembly (2245ms)
		BeginReloadAssembly (547ms)
			ExecutionOrderSort (0ms)
			DisableScriptedObjects (0ms)
			BackupInstance (0ms)
			ReleaseScriptingObjects (0ms)
			CreateAndSetChildDomain (1ms)
		EndReloadAssembly (954ms)
			LoadAssemblies (397ms)
			RebuildTransferFunctionScriptingTraits (0ms)
			SetupTypeCache (131ms)
			ReleaseScriptCaches (0ms)
			RebuildScriptCaches (31ms)
			SetupLoadedEditorAssemblies (450ms)
				LogAssemblyErrors (0ms)
				InitializePlatformSupportModulesInManaged (99ms)
				SetLoadedEditorAssemblies (1ms)
				RefreshPlugins (141ms)
				BeforeProcessingInitializeOnLoad (1ms)
				ProcessInitializeOnLoadAttributes (122ms)
				ProcessInitializeOnLoadMethodAttributes (86ms)
				AfterProcessingInitializeOnLoad (0ms)
				EditorAssembliesLoaded (0ms)
			ExecutionOrderSort2 (0ms)
			AwakeInstancesAfterBackupRestoration (0ms)
Platform modules already initialized, skipping
Registering precompiled user dll's ...
Registered in 0.342703 seconds.
Android Extension - Scanning For ADB Devices 11559 ms
Begin MonoManager ReloadAssembly
Symbol file LoadedFromMemory doesn't match image B:\Learn\Unity\AITowerGame\Library\PackageCache\com.unity.visualscripting@1.7.8\Editor\VisualScripting.Core\Dependencies\YamlDotNet\Unity.VisualScripting.YamlDotNet.dll
Symbol file LoadedFromMemory doesn't match image B:\Learn\Unity\AITowerGame\Library\PackageCache\com.unity.visualscripting@1.7.8\Editor\VisualScripting.Core\Dependencies\DotNetZip\Unity.VisualScripting.IonicZip.dll
Native extension for WindowsStandalone target not found
Native extension for Android target not found
Native extension for WebGL target not found
Refreshing native plugins compatible for Editor in 142.43 ms, found 4 plugins.
Preloading 0 native plugins for Editor in 0.00 ms.
Mono: successfully reloaded assembly
- Completed reload, in  4.178 seconds
Domain Reload Profiling:
	ReloadAssembly (4179ms)
		BeginReloadAssembly (316ms)
			ExecutionOrderSort (0ms)
			DisableScriptedObjects (5ms)
			BackupInstance (0ms)
			ReleaseScriptingObjects (0ms)
			CreateAndSetChildDomain (22ms)
		EndReloadAssembly (2964ms)
			LoadAssemblies (663ms)
			RebuildTransferFunctionScriptingTraits (0ms)
			SetupTypeCache (409ms)
			ReleaseScriptCaches (1ms)
			RebuildScriptCaches (69ms)
			SetupLoadedEditorAssemblies (1320ms)
				LogAssemblyErrors (0ms)
				InitializePlatformSupportModulesInManaged (55ms)
				SetLoadedEditorAssemblies (0ms)
				RefreshPlugins (143ms)
				BeforeProcessingInitializeOnLoad (429ms)
				ProcessInitializeOnLoadAttributes (368ms)
				ProcessInitializeOnLoadMethodAttributes (83ms)
				AfterProcessingInitializeOnLoad (241ms)
				EditorAssembliesLoaded (0ms)
			ExecutionOrderSort2 (0ms)
			AwakeInstancesAfterBackupRestoration (9ms)
Platform modules already initialized, skipping
========================================================================
Worker process is ready to serve import requests
Launched and connected shader compiler UnityShaderCompiler.exe after 0.22 seconds
Refreshing native plugins compatible for Editor in 1.06 ms, found 4 plugins.
Preloading 0 native plugins for Editor in 0.00 ms.
Unloading 4066 Unused Serialized files (Serialized files now loaded: 0)
Unloading 38 unused Assets / (55.3 KB). Loaded Objects now: 4525.
Memory consumption went from 151.6 MB to 151.6 MB.
Total: 5.789800 ms (FindLiveObjects: 0.469900 ms CreateObjectMapping: 0.425400 ms MarkObjects: 4.723300 ms  DeleteObjects: 0.169500 ms)

AssetImportParameters requested are different than current active one (requested -> active):
  custom:video-decoder-ogg-theora: a1e56fd34408186e4bbccfd4996cb3dc -> 
  custom:container-muxer-webm: aa71ff27fc2769a1b78a27578f13a17b -> 
  custom:container-demuxer-webm: 4f35f7cbe854078d1ac9338744f61a02 -> 
  custom:video-encoder-webm-vp8: eb34c28f22e8b96e1ab97ce403110664 -> 
  custom:audio-encoder-webm-vorbis: bf7c407c2cedff20999df2af8eb42d56 -> 
  custom:framework-win-MediaFoundation: 216162199b28c13a410421893ffa2e32 -> 
  custom:container-demuxer-ogg: 62fdf1f143b41e24485cea50d1cbac27 -> 
  custom:video-decoder-webm-vp8: 9c59270c3fd7afecdb556c50c9e8de78 -> 
  custom:audio-decoder-ogg-vorbis: bf7c407c2cedff20999df2af8eb42d56 -> 
========================================================================
Received Import Request.
  Time since last request: 563895.723497 seconds.
  path: Assets/Resources/Tiles/Land.prefab
  artifactKey: Guid(18f6c8cc8a637e841ad1dc771621d783) Importer(815301076,1909f56bfc062723c751e8b465ee728b)
Start importing Assets/Resources/Tiles/Land.prefab using Guid(18f6c8cc8a637e841ad1dc771621d783) Importer(815301076,1909f56bfc062723c751e8b465ee728b)  -> (artifact id: '482bca6bd0832f682a2719ad3dd67265') in 0.154764 seconds 
========================================================================
Received Import Request.
  Time since last request: 3.629801 seconds.
  path: Assets/Resources/Tiles/Land.prefab
  artifactKey: Guid(18f6c8cc8a637e841ad1dc771621d783) Importer(815301076,1909f56bfc062723c751e8b465ee728b)
Start importing Assets/Resources/Tiles/Land.prefab using Guid(18f6c8cc8a637e841ad1dc771621d783) Importer(815301076,1909f56bfc062723c751e8b465ee728b)  -> (artifact id: '9fe9de5bc9cf1c22b2fa32727a712c44') in 0.199370 seconds 
========================================================================
Received Import Request.
  Time since last request: 12.066646 seconds.
  path: Assets/Resources/Tiles/Land.prefab
  artifactKey: Guid(18f6c8cc8a637e841ad1dc771621d783) Importer(815301076,1909f56bfc062723c751e8b465ee728b)
Start importing Assets/Resources/Tiles/Land.prefab using Guid(18f6c8cc8a637e841ad1dc771621d783) Importer(815301076,1909f56bfc062723c751e8b465ee728b)  -> (artifact id: '50ca3018522a776cd6c55d01f28379e3') in 0.161650 seconds 
========================================================================
Received Import Request.
  Time since last request: 17.800669 seconds.
  path: Assets/Resources/Tiles/Land.prefab
  artifactKey: Guid(18f6c8cc8a637e841ad1dc771621d783) Importer(815301076,1909f56bfc062723c751e8b465ee728b)
Start importing Assets/Resources/Tiles/Land.prefab using Guid(18f6c8cc8a637e841ad1dc771621d783) Importer(815301076,1909f56bfc062723c751e8b465ee728b)  -> (artifact id: '3a85a1732b69c8a15f3ac0b15f70a69d') in 0.169828 seconds 
========================================================================
Received Import Request.
  Time since last request: 226.323946 seconds.
  path: Assets/Resources/Tiles/Roud.prefab
  artifactKey: Guid(da3298fc7c564bd41ba7055359170ccc) Importer(815301076,1909f56bfc062723c751e8b465ee728b)
Start importing Assets/Resources/Tiles/Roud.prefab using Guid(da3298fc7c564bd41ba7055359170ccc) Importer(815301076,1909f56bfc062723c751e8b465ee728b)  -> (artifact id: 'e435fa98e86fad659a305cae389f7570') in 0.032086 seconds 
========================================================================
Received Import Request.
  Time since last request: 5.288799 seconds.
  path: Assets/Resources/Tiles/Land
  artifactKey: Guid(5a1f3a284bdfcda4bbfb7cc1937e432c) Importer(815301076,1909f56bfc062723c751e8b465ee728b)
Start importing Assets/Resources/Tiles/Land using Guid(5a1f3a284bdfcda4bbfb7cc1937e432c) Importer(815301076,1909f56bfc062723c751e8b465ee728b)  -> (artifact id: '395f523906edf3be3ea186acb9011c8a') in 0.015576 seconds 
========================================================================
Received Import Request.
  Time since last request: 12.538976 seconds.
  path: Assets/Resources/Tiles/Roud
  artifactKey: Guid(1d56bb73fab4a0942a5b657d8a7304c2) Importer(815301076,1909f56bfc062723c751e8b465ee728b)
Start importing Assets/Resources/Tiles/Roud using Guid(1d56bb73fab4a0942a5b657d8a7304c2) Importer(815301076,1909f56bfc062723c751e8b465ee728b)  -> (artifact id: 'e32f2e2125cc540c79dd482a2429f681') in 0.007184 seconds 
========================================================================
Received Import Request.
  Time since last request: 193.042980 seconds.
  path: Assets/Resources/Tiles/Roud.prefab
  artifactKey: Guid(da3298fc7c564bd41ba7055359170ccc) Importer(815301076,1909f56bfc062723c751e8b465ee728b)
Start importing Assets/Resources/Tiles/Roud.prefab using Guid(da3298fc7c564bd41ba7055359170ccc) Importer(815301076,1909f56bfc062723c751e8b465ee728b)  -> (artifact id: 'c336d4305d0347ed72c98c186c69fd29') in 0.042683 seconds 
========================================================================
Received Import Request.
  Time since last request: 1.245406 seconds.
  path: Assets/Resources/Tiles/Roud/1.asset
  artifactKey: Guid(c617f2e3c02e0d24abaa90d48d017d76) Importer(815301076,1909f56bfc062723c751e8b465ee728b)
Start importing Assets/Resources/Tiles/Roud/1.asset using Guid(c617f2e3c02e0d24abaa90d48d017d76) Importer(815301076,1909f56bfc062723c751e8b465ee728b)  -> (artifact id: 'd06e5437f368bacd04accfabc5bbb6af') in 0.051162 seconds 
========================================================================
Received Import Request.
  Time since last request: 0.210101 seconds.
  path: Assets/Resources/Tiles/Roud/3.asset
  artifactKey: Guid(5925d3765c309ad4fa8b4a8f0919a628) Importer(815301076,1909f56bfc062723c751e8b465ee728b)
Start importing Assets/Resources/Tiles/Roud/3.asset using Guid(5925d3765c309ad4fa8b4a8f0919a628) Importer(815301076,1909f56bfc062723c751e8b465ee728b)  -> (artifact id: '98757e02887db79f60975a08a282290f') in 0.050535 seconds 
========================================================================
Received Import Request.
  Time since last request: 0.000076 seconds.
  path: Assets/Resources/Tiles/Roud/6.asset
  artifactKey: Guid(52e087e587c2d5344a3e39475df891f7) Importer(815301076,1909f56bfc062723c751e8b465ee728b)
Start importing Assets/Resources/Tiles/Roud/6.asset using Guid(52e087e587c2d5344a3e39475df891f7) Importer(815301076,1909f56bfc062723c751e8b465ee728b)  -> (artifact id: '37ff2ce7bef7ea0b414bf7b8695ed016') in 0.057684 seconds 
========================================================================
Received Import Request.
  Time since last request: 0.000067 seconds.
  path: Assets/Resources/Tiles/Roud/11.asset
  artifactKey: Guid(b0f6e235f9067804d8f1c4c3ef58a0ca) Importer(815301076,1909f56bfc062723c751e8b465ee728b)
Start importing Assets/Resources/Tiles/Roud/11.asset using Guid(b0f6e235f9067804d8f1c4c3ef58a0ca) Importer(815301076,1909f56bfc062723c751e8b465ee728b)  -> (artifact id: '67a6450637326e0fca75222009499035') in 0.037554 seconds 
========================================================================
Received Import Request.
  Time since last request: 0.000149 seconds.
  path: Assets/Resources/Tiles/Roud/13.asset
  artifactKey: Guid(1c7df17d7aa43aa42988320e3ac96aa2) Importer(815301076,1909f56bfc062723c751e8b465ee728b)
Start importing Assets/Resources/Tiles/Roud/13.asset using Guid(1c7df17d7aa43aa42988320e3ac96aa2) Importer(815301076,1909f56bfc062723c751e8b465ee728b)  -> (artifact id: '6cff7b729efb67b240f570b1f849a28e') in 0.054996 seconds 
========================================================================
Received Import Request.
  Time since last request: 0.000062 seconds.
  path: Assets/Resources/Tiles/Roud/10.asset
  artifactKey: Guid(0a49eb231b58edb4091436cbd9ef7e3f) Importer(815301076,1909f56bfc062723c751e8b465ee728b)
Start importing Assets/Resources/Tiles/Roud/10.asset using Guid(0a49eb231b58edb4091436cbd9ef7e3f) Importer(815301076,1909f56bfc062723c751e8b465ee728b)  -> (artifact id: '48038f8163eadd5e585e7ab7e29ca324') in 0.090553 seconds 
========================================================================
Received Import Request.
  Time since last request: 0.000050 seconds.
  path: Assets/Resources/Tiles/Roud/8.asset
  artifactKey: Guid(310cb6f9f322bdc47baa9bbbbcb6a577) Importer(815301076,1909f56bfc062723c751e8b465ee728b)
Start importing Assets/Resources/Tiles/Roud/8.asset using Guid(310cb6f9f322bdc47baa9bbbbcb6a577) Importer(815301076,1909f56bfc062723c751e8b465ee728b)  -> (artifact id: '271a8e797702e3e7433efddd6f7b4d3a') in 0.065449 seconds 
========================================================================
Received Import Request.
  Time since last request: 11223.949844 seconds.
  path: Assets/Resources/Tiles/Land.prefab
  artifactKey: Guid(18f6c8cc8a637e841ad1dc771621d783) Importer(815301076,1909f56bfc062723c751e8b465ee728b)
Start importing Assets/Resources/Tiles/Land.prefab using Guid(18f6c8cc8a637e841ad1dc771621d783) Importer(815301076,1909f56bfc062723c751e8b465ee728b)  -> (artifact id: '46b91500551eec2a3b0c1ef51e75a6c2') in 0.291633 seconds 
========================================================================
Received Import Request.
  Time since last request: 0.000216 seconds.
  path: Assets/Resources/Tiles/Roud.prefab
  artifactKey: Guid(da3298fc7c564bd41ba7055359170ccc) Importer(815301076,1909f56bfc062723c751e8b465ee728b)
Start importing Assets/Resources/Tiles/Roud.prefab using Guid(da3298fc7c564bd41ba7055359170ccc) Importer(815301076,1909f56bfc062723c751e8b465ee728b)  -> (artifact id: '98eca55f7f025701a807985e9abe6de7') in 0.114160 seconds 
========================================================================
Received Prepare
Registering precompiled user dll's ...
Registered in 0.125823 seconds.
Begin MonoManager ReloadAssembly
Symbol file LoadedFromMemory doesn't match image B:\Learn\Unity\AITowerGame\Library\PackageCache\com.unity.visualscripting@1.7.8\Editor\VisualScripting.Core\Dependencies\YamlDotNet\Unity.VisualScripting.YamlDotNet.dll
Symbol file LoadedFromMemory doesn't match image B:\Learn\Unity\AITowerGame\Library\PackageCache\com.unity.visualscripting@1.7.8\Editor\VisualScripting.Core\Dependencies\DotNetZip\Unity.VisualScripting.IonicZip.dll
Native extension for WindowsStandalone target not found
Native extension for Android target not found
Native extension for WebGL target not found
Refreshing native plugins compatible for Editor in 0.94 ms, found 4 plugins.
Preloading 0 native plugins for Editor in 0.00 ms.
Mono: successfully reloaded assembly
- Completed reload, in  2.777 seconds
Domain Reload Profiling:
	ReloadAssembly (2779ms)
		BeginReloadAssembly (443ms)
			ExecutionOrderSort (0ms)
			DisableScriptedObjects (12ms)
			BackupInstance (0ms)
			ReleaseScriptingObjects (0ms)
			CreateAndSetChildDomain (75ms)
		EndReloadAssembly (1826ms)
			LoadAssemblies (415ms)
			RebuildTransferFunctionScriptingTraits (0ms)
			SetupTypeCache (238ms)
			ReleaseScriptCaches (1ms)
			RebuildScriptCaches (35ms)
			SetupLoadedEditorAssemblies (935ms)
				LogAssemblyErrors (0ms)
				InitializePlatformSupportModulesInManaged (44ms)
				SetLoadedEditorAssemblies (1ms)
				RefreshPlugins (1ms)
				BeforeProcessingInitializeOnLoad (206ms)
				ProcessInitializeOnLoadAttributes (233ms)
				ProcessInitializeOnLoadMethodAttributes (48ms)
				AfterProcessingInitializeOnLoad (402ms)
				EditorAssembliesLoaded (0ms)
			ExecutionOrderSort2 (0ms)
			AwakeInstancesAfterBackupRestoration (12ms)
Platform modules already initialized, skipping
Script is not up to date after domain reload: guid(db48c4f4823773d4dbf2b5278c280123) path("Assets/Script/GameManager.cs") state(2)
Refreshing native plugins compatible for Editor in 17.52 ms, found 4 plugins.
Preloading 0 native plugins for Editor in 0.00 ms.
Unloading 4054 Unused Serialized files (Serialized files now loaded: 0)
Unloading 26 unused Assets / (24.6 KB). Loaded Objects now: 4534.
Memory consumption went from 155.4 MB to 155.3 MB.
Total: 3.030000 ms (FindLiveObjects: 0.219600 ms CreateObjectMapping: 0.107300 ms MarkObjects: 2.668900 ms  DeleteObjects: 0.032800 ms)

AssetImportParameters requested are different than current active one (requested -> active):
  custom:video-decoder-ogg-theora: a1e56fd34408186e4bbccfd4996cb3dc -> 
  custom:container-muxer-webm: aa71ff27fc2769a1b78a27578f13a17b -> 
  custom:container-demuxer-webm: 4f35f7cbe854078d1ac9338744f61a02 -> 
  custom:video-encoder-webm-vp8: eb34c28f22e8b96e1ab97ce403110664 -> 
  custom:audio-encoder-webm-vorbis: bf7c407c2cedff20999df2af8eb42d56 -> 
  custom:framework-win-MediaFoundation: 216162199b28c13a410421893ffa2e32 -> 
  custom:container-demuxer-ogg: 62fdf1f143b41e24485cea50d1cbac27 -> 
  custom:video-decoder-webm-vp8: 9c59270c3fd7afecdb556c50c9e8de78 -> 
  custom:audio-decoder-ogg-vorbis: bf7c407c2cedff20999df2af8eb42d56 -> 
========================================================================
Received Prepare
Registering precompiled user dll's ...
Registered in 0.111885 seconds.
Begin MonoManager ReloadAssembly
Symbol file LoadedFromMemory doesn't match image B:\Learn\Unity\AITowerGame\Library\PackageCache\com.unity.visualscripting@1.7.8\Editor\VisualScripting.Core\Dependencies\YamlDotNet\Unity.VisualScripting.YamlDotNet.dll
Symbol file LoadedFromMemory doesn't match image B:\Learn\Unity\AITowerGame\Library\PackageCache\com.unity.visualscripting@1.7.8\Editor\VisualScripting.Core\Dependencies\DotNetZip\Unity.VisualScripting.IonicZip.dll
Native extension for WindowsStandalone target not found
Native extension for Android target not found
Native extension for WebGL target not found
Refreshing native plugins compatible for Editor in 0.68 ms, found 4 plugins.
Preloading 0 native plugins for Editor in 0.00 ms.
Mono: successfully reloaded assembly
- Completed reload, in  2.602 seconds
Domain Reload Profiling:
	ReloadAssembly (2602ms)
		BeginReloadAssembly (405ms)
			ExecutionOrderSort (0ms)
			DisableScriptedObjects (5ms)
			BackupInstance (0ms)
			ReleaseScriptingObjects (0ms)
			CreateAndSetChildDomain (38ms)
		EndReloadAssembly (1710ms)
			LoadAssemblies (489ms)
			RebuildTransferFunctionScriptingTraits (0ms)
			SetupTypeCache (233ms)
			ReleaseScriptCaches (2ms)
			RebuildScriptCaches (40ms)
			SetupLoadedEditorAssemblies (641ms)
				LogAssemblyErrors (0ms)
				InitializePlatformSupportModulesInManaged (34ms)
				SetLoadedEditorAssemblies (0ms)
				RefreshPlugins (1ms)
				BeforeProcessingInitializeOnLoad (203ms)
				ProcessInitializeOnLoadAttributes (172ms)
				ProcessInitializeOnLoadMethodAttributes (42ms)
				AfterProcessingInitializeOnLoad (188ms)
				EditorAssembliesLoaded (0ms)
			ExecutionOrderSort2 (0ms)
			AwakeInstancesAfterBackupRestoration (11ms)
Platform modules already initialized, skipping
Refreshing native plugins compatible for Editor in 17.08 ms, found 4 plugins.
Preloading 0 native plugins for Editor in 0.00 ms.
Unloading 4055 Unused Serialized files (Serialized files now loaded: 0)
Unloading 25 unused Assets / (24.7 KB). Loaded Objects now: 4538.
Memory consumption went from 155.4 MB to 155.4 MB.
Total: 3.459400 ms (FindLiveObjects: 0.371500 ms CreateObjectMapping: 0.332800 ms MarkObjects: 2.721600 ms  DeleteObjects: 0.031800 ms)

AssetImportParameters requested are different than current active one (requested -> active):
  custom:video-decoder-ogg-theora: a1e56fd34408186e4bbccfd4996cb3dc -> 
  custom:container-muxer-webm: aa71ff27fc2769a1b78a27578f13a17b -> 
  custom:container-demuxer-webm: 4f35f7cbe854078d1ac9338744f61a02 -> 
  custom:video-encoder-webm-vp8: eb34c28f22e8b96e1ab97ce403110664 -> 
  custom:audio-encoder-webm-vorbis: bf7c407c2cedff20999df2af8eb42d56 -> 
  custom:framework-win-MediaFoundation: 216162199b28c13a410421893ffa2e32 -> 
  custom:container-demuxer-ogg: 62fdf1f143b41e24485cea50d1cbac27 -> 
  custom:video-decoder-webm-vp8: 9c59270c3fd7afecdb556c50c9e8de78 -> 
  custom:audio-decoder-ogg-vorbis: bf7c407c2cedff20999df2af8eb42d56 -> 
========================================================================
Received Import Request.
  Time since last request: 281.497873 seconds.
  path: Assets/Script/GameManager.cs
  artifactKey: Guid(db48c4f4823773d4dbf2b5278c280123) Importer(815301076,1909f56bfc062723c751e8b465ee728b)
Start importing Assets/Script/GameManager.cs using Guid(db48c4f4823773d4dbf2b5278c280123) Importer(815301076,1909f56bfc062723c751e8b465ee728b)  -> (artifact id: 'd0b276dfecf6dd08897d4753f7e5281a') in 0.017256 seconds 
========================================================================
Received Prepare
Registering precompiled user dll's ...
Registered in 0.284707 seconds.
Begin MonoManager ReloadAssembly
Symbol file LoadedFromMemory doesn't match image B:\Learn\Unity\AITowerGame\Library\PackageCache\com.unity.visualscripting@1.7.8\Editor\VisualScripting.Core\Dependencies\YamlDotNet\Unity.VisualScripting.YamlDotNet.dll
Symbol file LoadedFromMemory doesn't match image B:\Learn\Unity\AITowerGame\Library\PackageCache\com.unity.visualscripting@1.7.8\Editor\VisualScripting.Core\Dependencies\DotNetZip\Unity.VisualScripting.IonicZip.dll
Native extension for WindowsStandalone target not found
Native extension for Android target not found
Native extension for WebGL target not found
Refreshing native plugins compatible for Editor in 1.69 ms, found 4 plugins.
Preloading 0 native plugins for Editor in 0.00 ms.
Mono: successfully reloaded assembly
- Completed reload, in  4.251 seconds
Domain Reload Profiling:
	ReloadAssembly (4252ms)
		BeginReloadAssembly (597ms)
			ExecutionOrderSort (0ms)
			DisableScriptedObjects (7ms)
			BackupInstance (0ms)
			ReleaseScriptingObjects (0ms)
			CreateAndSetChildDomain (38ms)
		EndReloadAssembly (2898ms)
			LoadAssemblies (694ms)
			RebuildTransferFunctionScriptingTraits (0ms)
			SetupTypeCache (293ms)
			ReleaseScriptCaches (2ms)
			RebuildScriptCaches (97ms)
			SetupLoadedEditorAssemblies (1484ms)
				LogAssemblyErrors (0ms)
				InitializePlatformSupportModulesInManaged (169ms)
				SetLoadedEditorAssemblies (1ms)
				RefreshPlugins (2ms)
				BeforeProcessingInitializeOnLoad (781ms)
				ProcessInitializeOnLoadAttributes (276ms)
				ProcessInitializeOnLoadMethodAttributes (43ms)
				AfterProcessingInitializeOnLoad (212ms)
				EditorAssembliesLoaded (0ms)
			ExecutionOrderSort2 (0ms)
			AwakeInstancesAfterBackupRestoration (10ms)
Platform modules already initialized, skipping
Refreshing native plugins compatible for Editor in 26.96 ms, found 4 plugins.
Preloading 0 native plugins for Editor in 0.00 ms.
Unloading 4055 Unused Serialized files (Serialized files now loaded: 0)
Unloading 25 unused Assets / (24.7 KB). Loaded Objects now: 4541.
Memory consumption went from 155.4 MB to 155.4 MB.
Total: 3.753200 ms (FindLiveObjects: 0.245900 ms CreateObjectMapping: 0.124400 ms MarkObjects: 3.347300 ms  DeleteObjects: 0.034200 ms)

AssetImportParameters requested are different than current active one (requested -> active):
  custom:video-decoder-ogg-theora: a1e56fd34408186e4bbccfd4996cb3dc -> 
  custom:container-muxer-webm: aa71ff27fc2769a1b78a27578f13a17b -> 
  custom:container-demuxer-webm: 4f35f7cbe854078d1ac9338744f61a02 -> 
  custom:video-encoder-webm-vp8: eb34c28f22e8b96e1ab97ce403110664 -> 
  custom:audio-encoder-webm-vorbis: bf7c407c2cedff20999df2af8eb42d56 -> 
  custom:framework-win-MediaFoundation: 216162199b28c13a410421893ffa2e32 -> 
  custom:container-demuxer-ogg: 62fdf1f143b41e24485cea50d1cbac27 -> 
  custom:video-decoder-webm-vp8: 9c59270c3fd7afecdb556c50c9e8de78 -> 
  custom:audio-decoder-ogg-vorbis: bf7c407c2cedff20999df2af8eb42d56 -> 
========================================================================
Received Prepare
Registering precompiled user dll's ...
Registered in 0.176463 seconds.
Begin MonoManager ReloadAssembly
Symbol file LoadedFromMemory doesn't match image B:\Learn\Unity\AITowerGame\Library\PackageCache\com.unity.visualscripting@1.7.8\Editor\VisualScripting.Core\Dependencies\YamlDotNet\Unity.VisualScripting.YamlDotNet.dll
Symbol file LoadedFromMemory doesn't match image B:\Learn\Unity\AITowerGame\Library\PackageCache\com.unity.visualscripting@1.7.8\Editor\VisualScripting.Core\Dependencies\DotNetZip\Unity.VisualScripting.IonicZip.dll
Native extension for WindowsStandalone target not found
Native extension for Android target not found
Native extension for WebGL target not found
Refreshing native plugins compatible for Editor in 0.78 ms, found 4 plugins.
Preloading 0 native plugins for Editor in 0.00 ms.
Mono: successfully reloaded assembly
- Completed reload, in  2.910 seconds
Domain Reload Profiling:
	ReloadAssembly (2911ms)
		BeginReloadAssembly (836ms)
			ExecutionOrderSort (0ms)
			DisableScriptedObjects (6ms)
			BackupInstance (0ms)
			ReleaseScriptingObjects (0ms)
			CreateAndSetChildDomain (45ms)
		EndReloadAssembly (1586ms)
			LoadAssemblies (568ms)
			RebuildTransferFunctionScriptingTraits (0ms)
			SetupTypeCache (220ms)
			ReleaseScriptCaches (1ms)
			RebuildScriptCaches (36ms)
			SetupLoadedEditorAssemblies (589ms)
				LogAssemblyErrors (0ms)
				InitializePlatformSupportModulesInManaged (41ms)
				SetLoadedEditorAssemblies (0ms)
				RefreshPlugins (1ms)
				BeforeProcessingInitializeOnLoad (210ms)
				ProcessInitializeOnLoadAttributes (171ms)
				ProcessInitializeOnLoadMethodAttributes (35ms)
				AfterProcessingInitializeOnLoad (131ms)
				EditorAssembliesLoaded (0ms)
			ExecutionOrderSort2 (0ms)
			AwakeInstancesAfterBackupRestoration (9ms)
Platform modules already initialized, skipping
Refreshing native plugins compatible for Editor in 17.79 ms, found 4 plugins.
Preloading 0 native plugins for Editor in 0.00 ms.
Unloading 4062 Unused Serialized files (Serialized files now loaded: 0)
Unloading 25 unused Assets / (24.6 KB). Loaded Objects now: 4551.
Memory consumption went from 155.6 MB to 155.6 MB.
Total: 3.286400 ms (FindLiveObjects: 0.236500 ms CreateObjectMapping: 0.107400 ms MarkObjects: 2.900700 ms  DeleteObjects: 0.040100 ms)

AssetImportParameters requested are different than current active one (requested -> active):
  custom:video-decoder-ogg-theora: a1e56fd34408186e4bbccfd4996cb3dc -> 
  custom:container-muxer-webm: aa71ff27fc2769a1b78a27578f13a17b -> 
  custom:container-demuxer-webm: 4f35f7cbe854078d1ac9338744f61a02 -> 
  custom:video-encoder-webm-vp8: eb34c28f22e8b96e1ab97ce403110664 -> 
  custom:audio-encoder-webm-vorbis: bf7c407c2cedff20999df2af8eb42d56 -> 
  custom:framework-win-MediaFoundation: 216162199b28c13a410421893ffa2e32 -> 
  custom:container-demuxer-ogg: 62fdf1f143b41e24485cea50d1cbac27 -> 
  custom:video-decoder-webm-vp8: 9c59270c3fd7afecdb556c50c9e8de78 -> 
  custom:audio-decoder-ogg-vorbis: bf7c407c2cedff20999df2af8eb42d56 -> 
========================================================================
Received Import Request.
  Time since last request: 723.072478 seconds.
  path: Assets/Resources/Sprites/Zombies/Zombies02/Back view/zombies02-Back view walk_01.png
  artifactKey: Guid(f58a2f045af19ed4da7d78fe7138be97) Importer(815301076,1909f56bfc062723c751e8b465ee728b)
Start importing Assets/Resources/Sprites/Zombies/Zombies02/Back view/zombies02-Back view walk_01.png using Guid(f58a2f045af19ed4da7d78fe7138be97) Importer(815301076,1909f56bfc062723c751e8b465ee728b)  -> (artifact id: '842722fd55aa068231163da24f7a23c0') in 0.085073 seconds 
========================================================================
Received Import Request.
  Time since last request: 0.141420 seconds.
  path: Assets/Resources/Sprites/Zombies/Zombies02/Back view/zombies02-Back view walk_02.png
  artifactKey: Guid(5498763e70c30d644b3905ed3cb5049a) Importer(815301076,1909f56bfc062723c751e8b465ee728b)
Start importing Assets/Resources/Sprites/Zombies/Zombies02/Back view/zombies02-Back view walk_02.png using Guid(5498763e70c30d644b3905ed3cb5049a) Importer(815301076,1909f56bfc062723c751e8b465ee728b)  -> (artifact id: '15737f45b943fd86b57be0342cfbce5f') in 0.041356 seconds 
========================================================================
Received Import Request.
  Time since last request: 0.000029 seconds.
  path: Assets/Resources/Sprites/Zombies/Zombies02/Back view/zombies02-Back view walk_06.png
  artifactKey: Guid(bc86c8c22ac6de84f9dc99937ac1deee) Importer(815301076,1909f56bfc062723c751e8b465ee728b)
Start importing Assets/Resources/Sprites/Zombies/Zombies02/Back view/zombies02-Back view walk_06.png using Guid(bc86c8c22ac6de84f9dc99937ac1deee) Importer(815301076,1909f56bfc062723c751e8b465ee728b)  -> (artifact id: '8d260857c067ffc8473887b482769fe2') in 0.025043 seconds 
========================================================================
Received Import Request.
  Time since last request: 0.000025 seconds.
  path: Assets/Resources/Sprites/Zombies/Zombies02/Back view/zombies02-Back view walk_10.png
  artifactKey: Guid(0ebddb1954072cb46864665089bfa49f) Importer(815301076,1909f56bfc062723c751e8b465ee728b)
Start importing Assets/Resources/Sprites/Zombies/Zombies02/Back view/zombies02-Back view walk_10.png using Guid(0ebddb1954072cb46864665089bfa49f) Importer(815301076,1909f56bfc062723c751e8b465ee728b)  -> (artifact id: '1e5cc4b1f129ef8c071aab5ced49b459') in 0.021050 seconds 
========================================================================
Received Import Request.
  Time since last request: 0.000031 seconds.
  path: Assets/Resources/Sprites/Zombies/Zombies02/Back view/zombies02-Back view walk_09.png
  artifactKey: Guid(3edcb023d20bbef46af1a4ad943d7252) Importer(815301076,1909f56bfc062723c751e8b465ee728b)
Start importing Assets/Resources/Sprites/Zombies/Zombies02/Back view/zombies02-Back view walk_09.png using Guid(3edcb023d20bbef46af1a4ad943d7252) Importer(815301076,1909f56bfc062723c751e8b465ee728b)  -> (artifact id: '5a38774c5645f325879bcbd1d2df146a') in 0.025912 seconds 
========================================================================
Received Import Request.
  Time since last request: 0.000038 seconds.
  path: Assets/Resources/Sprites/Zombies/Zombies02/Back view/zombies02-Back view walk_19.png
  artifactKey: Guid(00a772ac973f7a0429d34335adf51cd8) Importer(815301076,1909f56bfc062723c751e8b465ee728b)
Start importing Assets/Resources/Sprites/Zombies/Zombies02/Back view/zombies02-Back view walk_19.png using Guid(00a772ac973f7a0429d34335adf51cd8) Importer(815301076,1909f56bfc062723c751e8b465ee728b)  -> (artifact id: 'ef390b5a85b474df176fb4d22aa666e1') in 0.027992 seconds 
========================================================================
Received Import Request.
  Time since last request: 0.000038 seconds.
  path: Assets/Resources/Sprites/Zombies/Zombies02/Back view/zombies02-Back view walk_13.png
  artifactKey: Guid(d2da4f0bc1c047e4eb55c17bcb14ffd1) Importer(815301076,1909f56bfc062723c751e8b465ee728b)
Start importing Assets/Resources/Sprites/Zombies/Zombies02/Back view/zombies02-Back view walk_13.png using Guid(d2da4f0bc1c047e4eb55c17bcb14ffd1) Importer(815301076,1909f56bfc062723c751e8b465ee728b)  -> (artifact id: 'dd7dbc9a70b61e7824817b62b918c3c8') in 0.020377 seconds 
========================================================================
Received Import Request.
  Time since last request: 0.000022 seconds.
  path: Assets/Resources/Sprites/Zombies/Zombies02/Back view/zombies02-Back view walk_15.png
  artifactKey: Guid(627a81e0109ec2f458618d8b6400424a) Importer(815301076,1909f56bfc062723c751e8b465ee728b)
Start importing Assets/Resources/Sprites/Zombies/Zombies02/Back view/zombies02-Back view walk_15.png using Guid(627a81e0109ec2f458618d8b6400424a) Importer(815301076,1909f56bfc062723c751e8b465ee728b)  -> (artifact id: '18a7f915d397ad08fe11c83cd0372d13') in 0.022495 seconds 
========================================================================
Received Import Request.
  Time since last request: 0.000030 seconds.
  path: Assets/Resources/Sprites/Zombies/Zombies02/Back view/zombies02-Back view walk_11.png
  artifactKey: Guid(93aa86395eff18a4ea793cd45f41a882) Importer(815301076,1909f56bfc062723c751e8b465ee728b)
Start importing Assets/Resources/Sprites/Zombies/Zombies02/Back view/zombies02-Back view walk_11.png using Guid(93aa86395eff18a4ea793cd45f41a882) Importer(815301076,1909f56bfc062723c751e8b465ee728b)  -> (artifact id: '21d8d44f75c75a991a53168a1265493c') in 0.040566 seconds 
========================================================================
Received Import Request.
  Time since last request: 0.000024 seconds.
  path: Assets/Resources/Sprites/Zombies/Zombies02/Back view/zombies02-Back view walk_12.png
  artifactKey: Guid(39c1f9bea15da5c45ab9a2aaaa3716ac) Importer(815301076,1909f56bfc062723c751e8b465ee728b)
Start importing Assets/Resources/Sprites/Zombies/Zombies02/Back view/zombies02-Back view walk_12.png using Guid(39c1f9bea15da5c45ab9a2aaaa3716ac) Importer(815301076,1909f56bfc062723c751e8b465ee728b)  -> (artifact id: 'e1547905dc8badd7a40a984f24315bb6') in 0.025692 seconds 
========================================================================
Received Import Request.
  Time since last request: 2.672056 seconds.
  path: Assets/Resources/Sprites/Zombies/Zombies03/Back view/zombies03-Back view walk_01.png
  artifactKey: Guid(ffbae5072acca8e4cb6275e543a8395e) Importer(815301076,1909f56bfc062723c751e8b465ee728b)
Start importing Assets/Resources/Sprites/Zombies/Zombies03/Back view/zombies03-Back view walk_01.png using Guid(ffbae5072acca8e4cb6275e543a8395e) Importer(815301076,1909f56bfc062723c751e8b465ee728b)  -> (artifact id: '8861d6c0238fbc17f5ceac10b46f4e89') in 0.031026 seconds 
========================================================================
Received Import Request.
  Time since last request: 0.000046 seconds.
  path: Assets/Resources/Sprites/Zombies/Zombies03/Back view/zombies03-Back view walk_06.png
  artifactKey: Guid(f57429e12af564142851129653eedc1d) Importer(815301076,1909f56bfc062723c751e8b465ee728b)
Start importing Assets/Resources/Sprites/Zombies/Zombies03/Back view/zombies03-Back view walk_06.png using Guid(f57429e12af564142851129653eedc1d) Importer(815301076,1909f56bfc062723c751e8b465ee728b)  -> (artifact id: '67ac77ac5b1442eddc5f087710e7df01') in 0.035464 seconds 
========================================================================
Received Import Request.
  Time since last request: 0.000032 seconds.
  path: Assets/Resources/Sprites/Zombies/Zombies03/Back view/zombies03-Back view walk_07.png
  artifactKey: Guid(867819d45a6caf44f84a33892408d6f2) Importer(815301076,1909f56bfc062723c751e8b465ee728b)
Start importing Assets/Resources/Sprites/Zombies/Zombies03/Back view/zombies03-Back view walk_07.png using Guid(867819d45a6caf44f84a33892408d6f2) Importer(815301076,1909f56bfc062723c751e8b465ee728b)  -> (artifact id: '29fe652e504df596102f403cb8bbd2d6') in 0.041145 seconds 
========================================================================
Received Import Request.
  Time since last request: 0.000026 seconds.
  path: Assets/Resources/Sprites/Zombies/Zombies03/Back view/zombies03-Back view walk_10.png
  artifactKey: Guid(5ebb0d35b3039394f86543a8c2599997) Importer(815301076,1909f56bfc062723c751e8b465ee728b)
Start importing Assets/Resources/Sprites/Zombies/Zombies03/Back view/zombies03-Back view walk_10.png using Guid(5ebb0d35b3039394f86543a8c2599997) Importer(815301076,1909f56bfc062723c751e8b465ee728b)  -> (artifact id: '08437f39417bd091bb912b255c5e61b9') in 0.037828 seconds 
========================================================================
Received Import Request.
  Time since last request: 0.000023 seconds.
  path: Assets/Resources/Sprites/Zombies/Zombies03/Back view/zombies03-Back view walk_08.png
  artifactKey: Guid(f8da472775440e240a4552a21dea3ff4) Importer(815301076,1909f56bfc062723c751e8b465ee728b)
Start importing Assets/Resources/Sprites/Zombies/Zombies03/Back view/zombies03-Back view walk_08.png using Guid(f8da472775440e240a4552a21dea3ff4) Importer(815301076,1909f56bfc062723c751e8b465ee728b)  -> (artifact id: 'c726bf91de5af980c8ba809f97f4e3ea') in 0.037334 seconds 
========================================================================
Received Import Request.
  Time since last request: 0.000042 seconds.
  path: Assets/Resources/Sprites/Zombies/Zombies03/Back view/zombies03-Back view walk_13.png
  artifactKey: Guid(1783c808ecd59354a86c30311b9c33bb) Importer(815301076,1909f56bfc062723c751e8b465ee728b)
Start importing Assets/Resources/Sprites/Zombies/Zombies03/Back view/zombies03-Back view walk_13.png using Guid(1783c808ecd59354a86c30311b9c33bb) Importer(815301076,1909f56bfc062723c751e8b465ee728b)  -> (artifact id: '02d881f045db0af99e1f875169d78d8a') in 0.025373 seconds 
========================================================================
Received Import Request.
  Time since last request: 0.000041 seconds.
  path: Assets/Resources/Sprites/Zombies/Zombies03/Back view/zombies03-Back view walk_03.png
  artifactKey: Guid(f3c5c09a2b8f4da4e93ce9f61b724193) Importer(815301076,1909f56bfc062723c751e8b465ee728b)
Start importing Assets/Resources/Sprites/Zombies/Zombies03/Back view/zombies03-Back view walk_03.png using Guid(f3c5c09a2b8f4da4e93ce9f61b724193) Importer(815301076,1909f56bfc062723c751e8b465ee728b)  -> (artifact id: '52795fff96d94b4231e8646de7a9d1ea') in 0.025562 seconds 
========================================================================
Received Import Request.
  Time since last request: 0.000026 seconds.
  path: Assets/Resources/Sprites/Zombies/Zombies03/Back view/zombies03-Back view walk_09.png
  artifactKey: Guid(cc0ec5d742bde9c41af592fe851e1a63) Importer(815301076,1909f56bfc062723c751e8b465ee728b)
Start importing Assets/Resources/Sprites/Zombies/Zombies03/Back view/zombies03-Back view walk_09.png using Guid(cc0ec5d742bde9c41af592fe851e1a63) Importer(815301076,1909f56bfc062723c751e8b465ee728b)  -> (artifact id: '29ab111b50234fbde0be63705e1c86af') in 0.037037 seconds 
========================================================================
Received Import Request.
  Time since last request: 0.000028 seconds.
  path: Assets/Resources/Sprites/Zombies/Zombies03/Back view/zombies03-Back view walk_15.png
  artifactKey: Guid(b6ca39d38c88eaf45b6860797eaba93b) Importer(815301076,1909f56bfc062723c751e8b465ee728b)
Start importing Assets/Resources/Sprites/Zombies/Zombies03/Back view/zombies03-Back view walk_15.png using Guid(b6ca39d38c88eaf45b6860797eaba93b) Importer(815301076,1909f56bfc062723c751e8b465ee728b)  -> (artifact id: '35387424481dd3bcb0d32f928f39d029') in 0.026229 seconds 
========================================================================
Received Import Request.
  Time since last request: 0.000030 seconds.
  path: Assets/Resources/Sprites/Zombies/Zombies03/Back view/zombies03-Back view walk_18.png
  artifactKey: Guid(6f4210f51164e184ea775878b5f4007b) Importer(815301076,1909f56bfc062723c751e8b465ee728b)
Start importing Assets/Resources/Sprites/Zombies/Zombies03/Back view/zombies03-Back view walk_18.png using Guid(6f4210f51164e184ea775878b5f4007b) Importer(815301076,1909f56bfc062723c751e8b465ee728b)  -> (artifact id: '82173cc84f91f1c5428c5811d23d9b4b') in 0.025146 seconds 
========================================================================
Received Import Request.
  Time since last request: 1.794340 seconds.
  path: Assets/Resources/Sprites/Zombies/Zombies04/Back view/zombies04-Back view walk_01.png
  artifactKey: Guid(f3346ca1ddbc7084e99b8261eb9ea621) Importer(815301076,1909f56bfc062723c751e8b465ee728b)
Start importing Assets/Resources/Sprites/Zombies/Zombies04/Back view/zombies04-Back view walk_01.png using Guid(f3346ca1ddbc7084e99b8261eb9ea621) Importer(815301076,1909f56bfc062723c751e8b465ee728b)  -> (artifact id: '7708294489da37fc9a6b01f12194197e') in 0.037220 seconds 
========================================================================
Received Import Request.
  Time since last request: 0.000032 seconds.
  path: Assets/Resources/Sprites/Zombies/Zombies04/Back view/zombies04-Back view walk_17.png
  artifactKey: Guid(336d069764783b64bbe6c4328eb4e25b) Importer(815301076,1909f56bfc062723c751e8b465ee728b)
Start importing Assets/Resources/Sprites/Zombies/Zombies04/Back view/zombies04-Back view walk_17.png using Guid(336d069764783b64bbe6c4328eb4e25b) Importer(815301076,1909f56bfc062723c751e8b465ee728b)  -> (artifact id: 'b578d5f7f61d53901aec73dfc5b720ac') in 0.059313 seconds 
========================================================================
Received Import Request.
  Time since last request: 0.000044 seconds.
  path: Assets/Resources/Sprites/Zombies/Zombies04/Back view/zombies04-Back view walk_16.png
  artifactKey: Guid(e570c128c16d747438c9c5aa5269cd7e) Importer(815301076,1909f56bfc062723c751e8b465ee728b)
Start importing Assets/Resources/Sprites/Zombies/Zombies04/Back view/zombies04-Back view walk_16.png using Guid(e570c128c16d747438c9c5aa5269cd7e) Importer(815301076,1909f56bfc062723c751e8b465ee728b)  -> (artifact id: '347c7ccab4b28749464c404b6809edb5') in 0.052961 seconds 
========================================================================
Received Import Request.
  Time since last request: 0.000054 seconds.
  path: Assets/Resources/Sprites/Zombies/Zombies04/Back view/zombies04-Back view walk_03.png
  artifactKey: Guid(d18fca2e830c2e84fbd69021f32e71d7) Importer(815301076,1909f56bfc062723c751e8b465ee728b)
Start importing Assets/Resources/Sprites/Zombies/Zombies04/Back view/zombies04-Back view walk_03.png using Guid(d18fca2e830c2e84fbd69021f32e71d7) Importer(815301076,1909f56bfc062723c751e8b465ee728b)  -> (artifact id: 'd224188620f65cd7799cf7f3f2f17c5e') in 0.058950 seconds 
========================================================================
Received Import Request.
  Time since last request: 0.000035 seconds.
  path: Assets/Resources/Sprites/Zombies/Zombies04/Back view/zombies04-Back view walk_12.png
  artifactKey: Guid(f49dc231b14fc7a42bf3ae7216ed098d) Importer(815301076,1909f56bfc062723c751e8b465ee728b)
Start importing Assets/Resources/Sprites/Zombies/Zombies04/Back view/zombies04-Back view walk_12.png using Guid(f49dc231b14fc7a42bf3ae7216ed098d) Importer(815301076,1909f56bfc062723c751e8b465ee728b)  -> (artifact id: 'ff08b6f940832f69e3edb8c086783f58') in 0.046668 seconds 
========================================================================
Received Import Request.
  Time since last request: 0.000027 seconds.
  path: Assets/Resources/Sprites/Zombies/Zombies04/Back view/zombies04-Back view walk_14.png
  artifactKey: Guid(6addd14581bb03a418e0cd343eab727b) Importer(815301076,1909f56bfc062723c751e8b465ee728b)
Start importing Assets/Resources/Sprites/Zombies/Zombies04/Back view/zombies04-Back view walk_14.png using Guid(6addd14581bb03a418e0cd343eab727b) Importer(815301076,1909f56bfc062723c751e8b465ee728b)  -> (artifact id: '99c74739bc0fdd72ed4e85fdd819e3e7') in 0.046731 seconds 
========================================================================
Received Import Request.
  Time since last request: 0.000033 seconds.
  path: Assets/Resources/Sprites/Zombies/Zombies04/Back view/zombies04-Back view walk_15.png
  artifactKey: Guid(41d00c280f80d0e418596d48c43528b1) Importer(815301076,1909f56bfc062723c751e8b465ee728b)
Start importing Assets/Resources/Sprites/Zombies/Zombies04/Back view/zombies04-Back view walk_15.png using Guid(41d00c280f80d0e418596d48c43528b1) Importer(815301076,1909f56bfc062723c751e8b465ee728b)  -> (artifact id: '29acbb879641fed2188f2f3db524b0b3') in 0.050617 seconds 
========================================================================
Received Import Request.
  Time since last request: 0.000033 seconds.
  path: Assets/Resources/Sprites/Zombies/Zombies04/Back view/zombies04-Back view walk_04.png
  artifactKey: Guid(08c12788be22b7a45a0b4a14106df739) Importer(815301076,1909f56bfc062723c751e8b465ee728b)
Start importing Assets/Resources/Sprites/Zombies/Zombies04/Back view/zombies04-Back view walk_04.png using Guid(08c12788be22b7a45a0b4a14106df739) Importer(815301076,1909f56bfc062723c751e8b465ee728b)  -> (artifact id: '8a0d7f89c0a3c94c82c53af51eb7f701') in 0.039591 seconds 
========================================================================
Received Import Request.
  Time since last request: 0.000044 seconds.
  path: Assets/Resources/Sprites/Zombies/Zombies04/Back view/zombies04-Back view walk_13.png
  artifactKey: Guid(3149c20593a390f438391de707e5a686) Importer(815301076,1909f56bfc062723c751e8b465ee728b)
Start importing Assets/Resources/Sprites/Zombies/Zombies04/Back view/zombies04-Back view walk_13.png using Guid(3149c20593a390f438391de707e5a686) Importer(815301076,1909f56bfc062723c751e8b465ee728b)  -> (artifact id: '2221edad312409c0037c6dafd145f35c') in 0.053076 seconds 
========================================================================
Received Import Request.
  Time since last request: 0.000031 seconds.
  path: Assets/Resources/Sprites/Zombies/Zombies04/Back view/zombies04-Back view walk_07.png
  artifactKey: Guid(af5e7e7549350d243bf09987d6b793b4) Importer(815301076,1909f56bfc062723c751e8b465ee728b)
Start importing Assets/Resources/Sprites/Zombies/Zombies04/Back view/zombies04-Back view walk_07.png using Guid(af5e7e7549350d243bf09987d6b793b4) Importer(815301076,1909f56bfc062723c751e8b465ee728b)  -> (artifact id: 'b9c3a51bc265e374719c7b8de041d666') in 0.043413 seconds 
========================================================================
Received Import Request.
  Time since last request: 0.143111 seconds.
  path: Assets/Resources/Sprites/Zombies/Zombies04/Front view/zombies04-Front view walk_01.png
  artifactKey: Guid(0013f2fd373ca28438aa4d23a504dae0) Importer(815301076,1909f56bfc062723c751e8b465ee728b)
Start importing Assets/Resources/Sprites/Zombies/Zombies04/Front view/zombies04-Front view walk_01.png using Guid(0013f2fd373ca28438aa4d23a504dae0) Importer(815301076,1909f56bfc062723c751e8b465ee728b)  -> (artifact id: '3603afd744e34f0a968758da241cb494') in 0.043852 seconds 
========================================================================
Received Import Request.
  Time since last request: 0.000026 seconds.
  path: Assets/Resources/Sprites/Zombies/Zombies04/Front view/zombies04-Front view walk_08.png
  artifactKey: Guid(eb150ee6620cc3e42a116d76f0cee377) Importer(815301076,1909f56bfc062723c751e8b465ee728b)
Start importing Assets/Resources/Sprites/Zombies/Zombies04/Front view/zombies04-Front view walk_08.png using Guid(eb150ee6620cc3e42a116d76f0cee377) Importer(815301076,1909f56bfc062723c751e8b465ee728b)  -> (artifact id: '7b1f47b081d26887cce4f2d0af5f0715') in 0.035213 seconds 
========================================================================
Received Import Request.
  Time since last request: 0.000035 seconds.
  path: Assets/Resources/Sprites/Zombies/Zombies04/Front view/zombies04-Front view walk_17.png
  artifactKey: Guid(60ad6344ce5db564088b32a541beec1c) Importer(815301076,1909f56bfc062723c751e8b465ee728b)
Start importing Assets/Resources/Sprites/Zombies/Zombies04/Front view/zombies04-Front view walk_17.png using Guid(60ad6344ce5db564088b32a541beec1c) Importer(815301076,1909f56bfc062723c751e8b465ee728b)  -> (artifact id: 'a754a847cbce897222effc44ef436aef') in 0.040952 seconds 
========================================================================
Received Import Request.
  Time since last request: 0.000028 seconds.
  path: Assets/Resources/Sprites/Zombies/Zombies04/Front view/zombies04-Front view walk_11.png
  artifactKey: Guid(64412738606f5d24b87f76625e051b5d) Importer(815301076,1909f56bfc062723c751e8b465ee728b)
Start importing Assets/Resources/Sprites/Zombies/Zombies04/Front view/zombies04-Front view walk_11.png using Guid(64412738606f5d24b87f76625e051b5d) Importer(815301076,1909f56bfc062723c751e8b465ee728b)  -> (artifact id: '342ae630a4488482d80db8c5d070636c') in 0.043133 seconds 
========================================================================
Received Import Request.
  Time since last request: 0.000045 seconds.
  path: Assets/Resources/Sprites/Zombies/Zombies04/Front view/zombies04-Front view walk_19.png
  artifactKey: Guid(3f9cdd97ebc2a4d41bd987a5b0d149b3) Importer(815301076,1909f56bfc062723c751e8b465ee728b)
Start importing Assets/Resources/Sprites/Zombies/Zombies04/Front view/zombies04-Front view walk_19.png using Guid(3f9cdd97ebc2a4d41bd987a5b0d149b3) Importer(815301076,1909f56bfc062723c751e8b465ee728b)  -> (artifact id: 'f662a475409a0bb5998fb6dac186cc07') in 0.051235 seconds 
========================================================================
Received Import Request.
  Time since last request: 0.000040 seconds.
  path: Assets/Resources/Sprites/Zombies/Zombies04/Front view/zombies04-Front view walk_06.png
  artifactKey: Guid(0f8a4951049aa3d4687410d869617d14) Importer(815301076,1909f56bfc062723c751e8b465ee728b)
Start importing Assets/Resources/Sprites/Zombies/Zombies04/Front view/zombies04-Front view walk_06.png using Guid(0f8a4951049aa3d4687410d869617d14) Importer(815301076,1909f56bfc062723c751e8b465ee728b)  -> (artifact id: 'f64e6c52d7acf8dde037f2a52f17b286') in 0.041267 seconds 
========================================================================
Received Import Request.
  Time since last request: 0.000025 seconds.
  path: Assets/Resources/Sprites/Zombies/Zombies04/Front view/zombies04-Front view walk_04.png
  artifactKey: Guid(1583dddaab02adc44b44c35ad9657133) Importer(815301076,1909f56bfc062723c751e8b465ee728b)
Start importing Assets/Resources/Sprites/Zombies/Zombies04/Front view/zombies04-Front view walk_04.png using Guid(1583dddaab02adc44b44c35ad9657133) Importer(815301076,1909f56bfc062723c751e8b465ee728b)  -> (artifact id: 'cba8a3e9dccced0acfb8ef3efc62577e') in 0.039601 seconds 
========================================================================
Received Import Request.
  Time since last request: 0.000022 seconds.
  path: Assets/Resources/Sprites/Zombies/Zombies04/Front view/zombies04-Front view walk_18.png
  artifactKey: Guid(ab93b2b28f5953b4ea729c865d21cf03) Importer(815301076,1909f56bfc062723c751e8b465ee728b)
Start importing Assets/Resources/Sprites/Zombies/Zombies04/Front view/zombies04-Front view walk_18.png using Guid(ab93b2b28f5953b4ea729c865d21cf03) Importer(815301076,1909f56bfc062723c751e8b465ee728b)  -> (artifact id: '1c7b96a9f91ccf353deaae73b92755b6') in 0.026956 seconds 
========================================================================
Received Import Request.
  Time since last request: 0.000027 seconds.
  path: Assets/Resources/Sprites/Zombies/Zombies04/Front view/zombies04-Front view walk_16.png
  artifactKey: Guid(df2971b8a1c1bce4c9b848bb582d4ac2) Importer(815301076,1909f56bfc062723c751e8b465ee728b)
Start importing Assets/Resources/Sprites/Zombies/Zombies04/Front view/zombies04-Front view walk_16.png using Guid(df2971b8a1c1bce4c9b848bb582d4ac2) Importer(815301076,1909f56bfc062723c751e8b465ee728b)  -> (artifact id: '28a55b3ea820a7349a09d6b124b5cf0b') in 0.028003 seconds 
========================================================================
Received Import Request.
  Time since last request: 0.000026 seconds.
  path: Assets/Resources/Sprites/Zombies/Zombies04/Front view/zombies04-Front view walk_13.png
  artifactKey: Guid(0651014758049474db1bcda8a371a5a9) Importer(815301076,1909f56bfc062723c751e8b465ee728b)
Start importing Assets/Resources/Sprites/Zombies/Zombies04/Front view/zombies04-Front view walk_13.png using Guid(0651014758049474db1bcda8a371a5a9) Importer(815301076,1909f56bfc062723c751e8b465ee728b)  -> (artifact id: '538962c6d1cb14a08c9226cb1c2bf336') in 0.036211 seconds 
========================================================================
Received Import Request.
  Time since last request: 1.305346 seconds.
  path: Assets/Resources/Sprites/Zombies/Zombies05/Front view/zombies05-Front view walk_01.png
  artifactKey: Guid(5dc460cf97e60cd4ebe99d2d0be64142) Importer(815301076,1909f56bfc062723c751e8b465ee728b)
Start importing Assets/Resources/Sprites/Zombies/Zombies05/Front view/zombies05-Front view walk_01.png using Guid(5dc460cf97e60cd4ebe99d2d0be64142) Importer(815301076,1909f56bfc062723c751e8b465ee728b)  -> (artifact id: '8efeeb9ab1cb36158049ff538cb8ad48') in 0.030405 seconds 
========================================================================
Received Import Request.
  Time since last request: 0.000033 seconds.
  path: Assets/Resources/Sprites/Zombies/Zombies05/Front view/zombies05-Front view walk_14.png
  artifactKey: Guid(7d925fef794a386438ff60cc678895a1) Importer(815301076,1909f56bfc062723c751e8b465ee728b)
Start importing Assets/Resources/Sprites/Zombies/Zombies05/Front view/zombies05-Front view walk_14.png using Guid(7d925fef794a386438ff60cc678895a1) Importer(815301076,1909f56bfc062723c751e8b465ee728b)  -> (artifact id: '57eda21b8df445e60e6883c69e849c45') in 0.028147 seconds 
========================================================================
Received Import Request.
  Time since last request: 0.000028 seconds.
  path: Assets/Resources/Sprites/Zombies/Zombies05/Front view/zombies05-Front view walk_17.png
  artifactKey: Guid(1a7239e9812ed8e4bac7b12b62e7a220) Importer(815301076,1909f56bfc062723c751e8b465ee728b)
Start importing Assets/Resources/Sprites/Zombies/Zombies05/Front view/zombies05-Front view walk_17.png using Guid(1a7239e9812ed8e4bac7b12b62e7a220) Importer(815301076,1909f56bfc062723c751e8b465ee728b)  -> (artifact id: '4326015d5833f58b97642efc2d8472aa') in 0.030919 seconds 
========================================================================
Received Import Request.
  Time since last request: 0.000054 seconds.
  path: Assets/Resources/Sprites/Zombies/Zombies05/Front view/zombies05-Front view walk_10.png
  artifactKey: Guid(069f30e4feaa15645b2cb2b81ea45f6d) Importer(815301076,1909f56bfc062723c751e8b465ee728b)
Start importing Assets/Resources/Sprites/Zombies/Zombies05/Front view/zombies05-Front view walk_10.png using Guid(069f30e4feaa15645b2cb2b81ea45f6d) Importer(815301076,1909f56bfc062723c751e8b465ee728b)  -> (artifact id: '64567db7212ba875242fd1f747b018d0') in 0.028687 seconds 
========================================================================
Received Import Request.
  Time since last request: 0.000031 seconds.
  path: Assets/Resources/Sprites/Zombies/Zombies05/Front view/zombies05-Front view walk_05.png
  artifactKey: Guid(502a33db113771f44872b98a651d00bf) Importer(815301076,1909f56bfc062723c751e8b465ee728b)
Start importing Assets/Resources/Sprites/Zombies/Zombies05/Front view/zombies05-Front view walk_05.png using Guid(502a33db113771f44872b98a651d00bf) Importer(815301076,1909f56bfc062723c751e8b465ee728b)  -> (artifact id: 'd8ef22279d3f216feeab7c51a8a0bd8d') in 0.029285 seconds 
========================================================================
Received Import Request.
  Time since last request: 0.000036 seconds.
  path: Assets/Resources/Sprites/Zombies/Zombies05/Front view/zombies05-Front view walk_03.png
  artifactKey: Guid(3f4f783d75e3ee7469a52c6d08f43e53) Importer(815301076,1909f56bfc062723c751e8b465ee728b)
Start importing Assets/Resources/Sprites/Zombies/Zombies05/Front view/zombies05-Front view walk_03.png using Guid(3f4f783d75e3ee7469a52c6d08f43e53) Importer(815301076,1909f56bfc062723c751e8b465ee728b)  -> (artifact id: 'd49347f8752c48f6cfaa9867cd57c325') in 0.029700 seconds 
========================================================================
Received Import Request.
  Time since last request: 0.000027 seconds.
  path: Assets/Resources/Sprites/Zombies/Zombies05/Front view/zombies05-Front view walk_06.png
  artifactKey: Guid(c2ab397953272c54a84a95e113631fc3) Importer(815301076,1909f56bfc062723c751e8b465ee728b)
Start importing Assets/Resources/Sprites/Zombies/Zombies05/Front view/zombies05-Front view walk_06.png using Guid(c2ab397953272c54a84a95e113631fc3) Importer(815301076,1909f56bfc062723c751e8b465ee728b)  -> (artifact id: '457fd52d525d0f6845674994bd8576ad') in 0.026791 seconds 
========================================================================
Received Import Request.
  Time since last request: 0.000036 seconds.
  path: Assets/Resources/Sprites/Zombies/Zombies05/Front view/zombies05-Front view walk_11.png
  artifactKey: Guid(1a71c6fbf5fbf98448ad0a5babf4458b) Importer(815301076,1909f56bfc062723c751e8b465ee728b)
Start importing Assets/Resources/Sprites/Zombies/Zombies05/Front view/zombies05-Front view walk_11.png using Guid(1a71c6fbf5fbf98448ad0a5babf4458b) Importer(815301076,1909f56bfc062723c751e8b465ee728b)  -> (artifact id: 'faffe0705d01c9e0e0cb32c35d23e97c') in 0.024402 seconds 
========================================================================
Received Import Request.
  Time since last request: 0.000031 seconds.
  path: Assets/Resources/Sprites/Zombies/Zombies05/Front view/zombies05-Front view walk_04.png
  artifactKey: Guid(ce0f7163554bec643a2db3598b5c381f) Importer(815301076,1909f56bfc062723c751e8b465ee728b)
Start importing Assets/Resources/Sprites/Zombies/Zombies05/Front view/zombies05-Front view walk_04.png using Guid(ce0f7163554bec643a2db3598b5c381f) Importer(815301076,1909f56bfc062723c751e8b465ee728b)  -> (artifact id: '5d624a6374c27907969e5968709bf37a') in 0.060364 seconds 
========================================================================
Received Import Request.
  Time since last request: 0.000056 seconds.
  path: Assets/Resources/Sprites/Zombies/Zombies05/Front view/zombies05-Front view walk_13.png
  artifactKey: Guid(df8d309f75d75f842b9e418554c6e2b5) Importer(815301076,1909f56bfc062723c751e8b465ee728b)
Start importing Assets/Resources/Sprites/Zombies/Zombies05/Front view/zombies05-Front view walk_13.png using Guid(df8d309f75d75f842b9e418554c6e2b5) Importer(815301076,1909f56bfc062723c751e8b465ee728b)  -> (artifact id: 'e931f231fad18402e74809957a5d83bd') in 0.030422 seconds 
========================================================================
Received Import Request.
  Time since last request: 1.553343 seconds.
  path: Assets/Resources/Sprites/Zombies/Zombies06/Front view/zombies06-Front view walk_01.png
  artifactKey: Guid(65c6d898d68431045a4c54e9d33acddb) Importer(815301076,1909f56bfc062723c751e8b465ee728b)
Start importing Assets/Resources/Sprites/Zombies/Zombies06/Front view/zombies06-Front view walk_01.png using Guid(65c6d898d68431045a4c54e9d33acddb) Importer(815301076,1909f56bfc062723c751e8b465ee728b)  -> (artifact id: '5b5f405233cc343fa58228e72f159d9f') in 0.038470 seconds 
========================================================================
Received Import Request.
  Time since last request: 0.000028 seconds.
  path: Assets/Resources/Sprites/Zombies/Zombies06/Front view/zombies06-Front view walk_05.png
  artifactKey: Guid(d7c45cbf29b94494abc6df70791ff8b5) Importer(815301076,1909f56bfc062723c751e8b465ee728b)
Start importing Assets/Resources/Sprites/Zombies/Zombies06/Front view/zombies06-Front view walk_05.png using Guid(d7c45cbf29b94494abc6df70791ff8b5) Importer(815301076,1909f56bfc062723c751e8b465ee728b)  -> (artifact id: '192d47990ba49e1e5c43f50ddc2502fc') in 0.063942 seconds 
========================================================================
Received Import Request.
  Time since last request: 0.000036 seconds.
  path: Assets/Resources/Sprites/Zombies/Zombies06/Front view/zombies06-Front view walk_08.png
  artifactKey: Guid(f04ab9570eeaf574a95755a6d6965a27) Importer(815301076,1909f56bfc062723c751e8b465ee728b)
Start importing Assets/Resources/Sprites/Zombies/Zombies06/Front view/zombies06-Front view walk_08.png using Guid(f04ab9570eeaf574a95755a6d6965a27) Importer(815301076,1909f56bfc062723c751e8b465ee728b)  -> (artifact id: '56d0abe2a543b1735661ad8cb04bb901') in 0.058501 seconds 
========================================================================
Received Import Request.
  Time since last request: 0.000077 seconds.
  path: Assets/Resources/Sprites/Zombies/Zombies06/Front view/zombies06-Front view walk_11.png
  artifactKey: Guid(f16a0abfc6fd7d54ebd8048526451604) Importer(815301076,1909f56bfc062723c751e8b465ee728b)
Start importing Assets/Resources/Sprites/Zombies/Zombies06/Front view/zombies06-Front view walk_11.png using Guid(f16a0abfc6fd7d54ebd8048526451604) Importer(815301076,1909f56bfc062723c751e8b465ee728b)  -> (artifact id: '602038ac88786b41056b3f3da4832c0f') in 0.062595 seconds 
========================================================================
Received Import Request.
  Time since last request: 0.000035 seconds.
  path: Assets/Resources/Sprites/Zombies/Zombies06/Front view/zombies06-Front view walk_12.png
  artifactKey: Guid(736ded60ad429a3428a0ec4eb4c39814) Importer(815301076,1909f56bfc062723c751e8b465ee728b)
Start importing Assets/Resources/Sprites/Zombies/Zombies06/Front view/zombies06-Front view walk_12.png using Guid(736ded60ad429a3428a0ec4eb4c39814) Importer(815301076,1909f56bfc062723c751e8b465ee728b)  -> (artifact id: '44ba960ab74c074df505a47833f4745c') in 0.051860 seconds 
========================================================================
Received Import Request.
  Time since last request: 0.000026 seconds.
  path: Assets/Resources/Sprites/Zombies/Zombies06/Front view/zombies06-Front view walk_17.png
  artifactKey: Guid(52b2458e2bd7081498f253db67d5f54a) Importer(815301076,1909f56bfc062723c751e8b465ee728b)
Start importing Assets/Resources/Sprites/Zombies/Zombies06/Front view/zombies06-Front view walk_17.png using Guid(52b2458e2bd7081498f253db67d5f54a) Importer(815301076,1909f56bfc062723c751e8b465ee728b)  -> (artifact id: '4221700b6051899986209695dc512c87') in 0.039856 seconds 
========================================================================
Received Import Request.
  Time since last request: 0.000026 seconds.
  path: Assets/Resources/Sprites/Zombies/Zombies06/Front view/zombies06-Front view walk_04.png
  artifactKey: Guid(adc16eac922d5a9488c3f04167ef5e59) Importer(815301076,1909f56bfc062723c751e8b465ee728b)
Start importing Assets/Resources/Sprites/Zombies/Zombies06/Front view/zombies06-Front view walk_04.png using Guid(adc16eac922d5a9488c3f04167ef5e59) Importer(815301076,1909f56bfc062723c751e8b465ee728b)  -> (artifact id: 'ce383d8a5d2dd291de3769efb17f2ba9') in 0.046863 seconds 
========================================================================
Received Import Request.
  Time since last request: 0.000048 seconds.
  path: Assets/Resources/Sprites/Zombies/Zombies06/Front view/zombies06-Front view walk_18.png
  artifactKey: Guid(db1b3c504461663419c55c76f50bbced) Importer(815301076,1909f56bfc062723c751e8b465ee728b)
Start importing Assets/Resources/Sprites/Zombies/Zombies06/Front view/zombies06-Front view walk_18.png using Guid(db1b3c504461663419c55c76f50bbced) Importer(815301076,1909f56bfc062723c751e8b465ee728b)  -> (artifact id: '36a3582a10de0449c8263b7653f56f1f') in 0.048630 seconds 
========================================================================
Received Import Request.
  Time since last request: 0.000043 seconds.
  path: Assets/Resources/Sprites/Zombies/Zombies06/Front view/zombies06-Front view walk_15.png
  artifactKey: Guid(f24467423707ee14182606bfb7135bb5) Importer(815301076,1909f56bfc062723c751e8b465ee728b)
Start importing Assets/Resources/Sprites/Zombies/Zombies06/Front view/zombies06-Front view walk_15.png using Guid(f24467423707ee14182606bfb7135bb5) Importer(815301076,1909f56bfc062723c751e8b465ee728b)  -> (artifact id: '70ab2759de1ddc1c3d129327df0d78d5') in 0.067531 seconds 
========================================================================
Received Import Request.
  Time since last request: 0.000046 seconds.
  path: Assets/Resources/Sprites/Zombies/Zombies06/Front view/zombies06-Front view walk_16.png
  artifactKey: Guid(4ba9a0e2b90b717429936c7959ee444f) Importer(815301076,1909f56bfc062723c751e8b465ee728b)
Start importing Assets/Resources/Sprites/Zombies/Zombies06/Front view/zombies06-Front view walk_16.png using Guid(4ba9a0e2b90b717429936c7959ee444f) Importer(815301076,1909f56bfc062723c751e8b465ee728b)  -> (artifact id: 'c498765264cc9e9f29f06c05b743931d') in 0.045778 seconds 
Editor requested this worker to shutdown with reason: Scaling down because of idle timeout
AssetImportWorker is now disconnected from the server
Process exiting
Exiting without the bug reporter. Application will terminate with return code 0