Using pre-set license
Built from '2021.3/china_unity/release' branch; Version is '2021.3.4f1c1 (64682593795a) revision 6580261'; Using compiler version '192829333'; Build Type 'Release'
OS: 'Windows 11  (10.0.26100) 64bit Professional' Language: 'zh' Physical Memory: 32581 MB
BatchMode: 1, IsHumanControllingUs: 0, StartBugReporterOnCrash: 0, Is64bit: 1, IsPro: 1

COMMAND LINE ARGUMENTS:
C:\Program Files\Unity\Hub\Editor\2021.3.4f1c1\Editor\Unity.exe
-adb2
-batchMode
-noUpm
-name
AssetImportWorker18
-projectPath
B:/Learn/Unity/AITowerGame
-logFile
Logs/AssetImportWorker18.log
-srvPort
49618
Successfully changed project path to: B:/Learn/Unity/AITowerGame
B:/Learn/Unity/AITowerGame
[UnityMemory] Configuration Parameters - Can be set up in boot.config
    "memorysetup-bucket-allocator-granularity=16"
    "memorysetup-bucket-allocator-bucket-count=8"
    "memorysetup-bucket-allocator-block-size=33554432"
    "memorysetup-bucket-allocator-block-count=8"
    "memorysetup-main-allocator-block-size=16777216"
    "memorysetup-thread-allocator-block-size=16777216"
    "memorysetup-gfx-main-allocator-block-size=16777216"
    "memorysetup-gfx-thread-allocator-block-size=16777216"
    "memorysetup-cache-allocator-block-size=4194304"
    "memorysetup-typetree-allocator-block-size=2097152"
    "memorysetup-profiler-bucket-allocator-granularity=16"
    "memorysetup-profiler-bucket-allocator-bucket-count=8"
    "memorysetup-profiler-bucket-allocator-block-size=33554432"
    "memorysetup-profiler-bucket-allocator-block-count=8"
    "memorysetup-profiler-allocator-block-size=16777216"
    "memorysetup-profiler-editor-allocator-block-size=1048576"
    "memorysetup-temp-allocator-size-main=16777216"
    "memorysetup-job-temp-allocator-block-size=2097152"
    "memorysetup-job-temp-allocator-block-size-background=1048576"
    "memorysetup-job-temp-allocator-reduction-small-platforms=262144"
    "memorysetup-temp-allocator-size-background-worker=32768"
    "memorysetup-temp-allocator-size-job-worker=262144"
    "memorysetup-temp-allocator-size-preload-manager=33554432"
    "memorysetup-temp-allocator-size-nav-mesh-worker=65536"
    "memorysetup-temp-allocator-size-audio-worker=65536"
    "memorysetup-temp-allocator-size-cloud-worker=32768"
    "memorysetup-temp-allocator-size-gi-baking-worker=262144"
    "memorysetup-temp-allocator-size-gfx=262144"
AS: AutoStreaming module initializing.
Refreshing native plugins compatible for Editor in 195.37 ms, found 4 plugins.
Preloading 0 native plugins for Editor in 0.00 ms.
Initialize engine version: 2021.3.4f1c1 (64682593795a)
[Subsystems] Discovering subsystems at path C:/Program Files/Unity/Hub/Editor/2021.3.4f1c1/Editor/Data/Resources/UnitySubsystems
[Subsystems] Discovering subsystems at path B:/Learn/Unity/AITowerGame/Assets
GfxDevice: creating device client; threaded=0; jobified=0
Direct3D:
    Version:  Direct3D 11.0 [level 11.1]
    Renderer: NVIDIA GeForce RTX 3060 (ID=0x2487)
    Vendor:   NVIDIA
    VRAM:     12110 MB
    Driver:   32.0.15.6094
Initialize mono
Mono path[0] = 'C:/Program Files/Unity/Hub/Editor/2021.3.4f1c1/Editor/Data/Managed'
Mono path[1] = 'C:/Program Files/Unity/Hub/Editor/2021.3.4f1c1/Editor/Data/MonoBleedingEdge/lib/mono/unityjit-win32'
Mono config path = 'C:/Program Files/Unity/Hub/Editor/2021.3.4f1c1/Editor/Data/MonoBleedingEdge/etc'
Using monoOptions --debugger-agent=transport=dt_socket,embedding=1,server=y,suspend=n,address=127.0.0.1:56404
Begin MonoManager ReloadAssembly
Registering precompiled unity dll's ...
Register platform support module: C:/Program Files/Unity/Hub/Editor/2021.3.4f1c1/Editor/Data/PlaybackEngines/WebGLSupport/UnityEditor.WebGL.Extensions.dll
Register platform support module: C:/Program Files/Unity/Hub/Editor/2021.3.4f1c1/Editor/Data/PlaybackEngines/AndroidPlayer/UnityEditor.Android.Extensions.dll
Register platform support module: C:/Program Files/Unity/Hub/Editor/2021.3.4f1c1/Editor/Data/PlaybackEngines/WindowsStandaloneSupport/UnityEditor.WindowsStandalone.Extensions.dll
Registered in 0.056365 seconds.
Native extension for WindowsStandalone target not found
Native extension for Android target not found
Native extension for WebGL target not found
Refreshing native plugins compatible for Editor in 109.10 ms, found 4 plugins.
Preloading 0 native plugins for Editor in 0.00 ms.
Mono: successfully reloaded assembly
- Completed reload, in  1.519 seconds
Domain Reload Profiling:
	ReloadAssembly (1520ms)
		BeginReloadAssembly (257ms)
			ExecutionOrderSort (0ms)
			DisableScriptedObjects (0ms)
			BackupInstance (0ms)
			ReleaseScriptingObjects (0ms)
			CreateAndSetChildDomain (1ms)
		EndReloadAssembly (814ms)
			LoadAssemblies (171ms)
			RebuildTransferFunctionScriptingTraits (0ms)
			SetupTypeCache (107ms)
			ReleaseScriptCaches (0ms)
			RebuildScriptCaches (26ms)
			SetupLoadedEditorAssemblies (349ms)
				LogAssemblyErrors (0ms)
				InitializePlatformSupportModulesInManaged (107ms)
				SetLoadedEditorAssemblies (0ms)
				RefreshPlugins (109ms)
				BeforeProcessingInitializeOnLoad (1ms)
				ProcessInitializeOnLoadAttributes (84ms)
				ProcessInitializeOnLoadMethodAttributes (47ms)
				AfterProcessingInitializeOnLoad (0ms)
				EditorAssembliesLoaded (0ms)
			ExecutionOrderSort2 (0ms)
			AwakeInstancesAfterBackupRestoration (0ms)
Platform modules already initialized, skipping
Registering precompiled user dll's ...
Registered in 0.232524 seconds.
Android Extension - Scanning For ADB Devices 10328 ms
Begin MonoManager ReloadAssembly
Symbol file LoadedFromMemory doesn't match image B:\Learn\Unity\AITowerGame\Library\PackageCache\com.unity.visualscripting@1.7.8\Editor\VisualScripting.Core\Dependencies\YamlDotNet\Unity.VisualScripting.YamlDotNet.dll
Symbol file LoadedFromMemory doesn't match image B:\Learn\Unity\AITowerGame\Library\PackageCache\com.unity.visualscripting@1.7.8\Editor\VisualScripting.Core\Dependencies\DotNetZip\Unity.VisualScripting.IonicZip.dll
Native extension for WindowsStandalone target not found
Native extension for Android target not found
Native extension for WebGL target not found
Refreshing native plugins compatible for Editor in 118.78 ms, found 4 plugins.
Preloading 0 native plugins for Editor in 0.00 ms.
Mono: successfully reloaded assembly
- Completed reload, in  2.783 seconds
Domain Reload Profiling:
	ReloadAssembly (2784ms)
		BeginReloadAssembly (435ms)
			ExecutionOrderSort (0ms)
			DisableScriptedObjects (7ms)
			BackupInstance (0ms)
			ReleaseScriptingObjects (0ms)
			CreateAndSetChildDomain (25ms)
		EndReloadAssembly (1892ms)
			LoadAssemblies (513ms)
			RebuildTransferFunctionScriptingTraits (0ms)
			SetupTypeCache (268ms)
			ReleaseScriptCaches (1ms)
			RebuildScriptCaches (70ms)
			SetupLoadedEditorAssemblies (912ms)
				LogAssemblyErrors (0ms)
				InitializePlatformSupportModulesInManaged (41ms)
				SetLoadedEditorAssemblies (0ms)
				RefreshPlugins (119ms)
				BeforeProcessingInitializeOnLoad (224ms)
				ProcessInitializeOnLoadAttributes (345ms)
				ProcessInitializeOnLoadMethodAttributes (62ms)
				AfterProcessingInitializeOnLoad (121ms)
				EditorAssembliesLoaded (0ms)
			ExecutionOrderSort2 (0ms)
			AwakeInstancesAfterBackupRestoration (8ms)
Platform modules already initialized, skipping
========================================================================
Worker process is ready to serve import requests
Launched and connected shader compiler UnityShaderCompiler.exe after 0.15 seconds
Refreshing native plugins compatible for Editor in 0.89 ms, found 4 plugins.
Preloading 0 native plugins for Editor in 0.00 ms.
Unloading 4095 Unused Serialized files (Serialized files now loaded: 0)
Unloading 38 unused Assets / (55.2 KB). Loaded Objects now: 4555.
Memory consumption went from 152.5 MB to 152.4 MB.
Total: 3.601000 ms (FindLiveObjects: 0.275200 ms CreateObjectMapping: 0.152200 ms MarkObjects: 3.085700 ms  DeleteObjects: 0.087100 ms)

AssetImportParameters requested are different than current active one (requested -> active):
  custom:video-decoder-ogg-theora: a1e56fd34408186e4bbccfd4996cb3dc -> 
  custom:container-muxer-webm: aa71ff27fc2769a1b78a27578f13a17b -> 
  custom:container-demuxer-webm: 4f35f7cbe854078d1ac9338744f61a02 -> 
  custom:video-encoder-webm-vp8: eb34c28f22e8b96e1ab97ce403110664 -> 
  custom:audio-encoder-webm-vorbis: bf7c407c2cedff20999df2af8eb42d56 -> 
  custom:framework-win-MediaFoundation: 216162199b28c13a410421893ffa2e32 -> 
  custom:container-demuxer-ogg: 62fdf1f143b41e24485cea50d1cbac27 -> 
  custom:video-decoder-webm-vp8: 9c59270c3fd7afecdb556c50c9e8de78 -> 
  custom:audio-decoder-ogg-vorbis: bf7c407c2cedff20999df2af8eb42d56 -> 
========================================================================
Received Import Request.
  Time since last request: 614553.666408 seconds.
  path: Assets/Resources/Prefabs/Enemy/Enemy1.prefab
  artifactKey: Guid(4cacadd4f4dd02a4a876d3ff3d41a008) Importer(815301076,1909f56bfc062723c751e8b465ee728b)
Start importing Assets/Resources/Prefabs/Enemy/Enemy1.prefab using Guid(4cacadd4f4dd02a4a876d3ff3d41a008) Importer(815301076,1909f56bfc062723c751e8b465ee728b)  -> (artifact id: '753eef3fb31b0acbb7b1066495479ac6') in 0.626513 seconds 
========================================================================
Received Import Request.
  Time since last request: 0.000029 seconds.
  path: Assets/Resources/Prefabs/Enemy/Enemy9.prefab
  artifactKey: Guid(d50175a25fda5b94db2929360762b78a) Importer(815301076,1909f56bfc062723c751e8b465ee728b)
Start importing Assets/Resources/Prefabs/Enemy/Enemy9.prefab using Guid(d50175a25fda5b94db2929360762b78a) Importer(815301076,1909f56bfc062723c751e8b465ee728b)  -> (artifact id: '5c5721741f152e51fd7cd1b78c9d3ea8') in 0.545369 seconds 
========================================================================
Received Import Request.
  Time since last request: 0.000038 seconds.
  path: Assets/Resources/Prefabs/Enemy/Enemy7.prefab
  artifactKey: Guid(d0a46c0f93fe2fb4892f6672aaff93a6) Importer(815301076,1909f56bfc062723c751e8b465ee728b)
Start importing Assets/Resources/Prefabs/Enemy/Enemy7.prefab using Guid(d0a46c0f93fe2fb4892f6672aaff93a6) Importer(815301076,1909f56bfc062723c751e8b465ee728b)  -> (artifact id: 'd2f8dc02ad26f33b55371e96cfb16c74') in 0.405608 seconds 
========================================================================
Received Import Request.
  Time since last request: 0.000039 seconds.
  path: Assets/Resources/Prefabs/Enemy/Enemy8.prefab
  artifactKey: Guid(8b8ec6f38b6c1b34ea63fdd8dafa879c) Importer(815301076,1909f56bfc062723c751e8b465ee728b)
Start importing Assets/Resources/Prefabs/Enemy/Enemy8.prefab using Guid(8b8ec6f38b6c1b34ea63fdd8dafa879c) Importer(815301076,1909f56bfc062723c751e8b465ee728b)  -> (artifact id: 'dfbf628b2e278bb406b291d9608e8481') in 0.400208 seconds 
========================================================================
Received Prepare
Registering precompiled user dll's ...
Registered in 0.147635 seconds.
Begin MonoManager ReloadAssembly
Symbol file LoadedFromMemory doesn't match image B:\Learn\Unity\AITowerGame\Library\PackageCache\com.unity.visualscripting@1.7.8\Editor\VisualScripting.Core\Dependencies\YamlDotNet\Unity.VisualScripting.YamlDotNet.dll
Symbol file LoadedFromMemory doesn't match image B:\Learn\Unity\AITowerGame\Library\PackageCache\com.unity.visualscripting@1.7.8\Editor\VisualScripting.Core\Dependencies\DotNetZip\Unity.VisualScripting.IonicZip.dll
Native extension for WindowsStandalone target not found
Native extension for Android target not found
Native extension for WebGL target not found
Refreshing native plugins compatible for Editor in 0.77 ms, found 4 plugins.
Preloading 0 native plugins for Editor in 0.00 ms.
Mono: successfully reloaded assembly
- Completed reload, in  3.571 seconds
Domain Reload Profiling:
	ReloadAssembly (3573ms)
		BeginReloadAssembly (681ms)
			ExecutionOrderSort (0ms)
			DisableScriptedObjects (7ms)
			BackupInstance (0ms)
			ReleaseScriptingObjects (0ms)
			CreateAndSetChildDomain (46ms)
		EndReloadAssembly (2328ms)
			LoadAssemblies (613ms)
			RebuildTransferFunctionScriptingTraits (0ms)
			SetupTypeCache (245ms)
			ReleaseScriptCaches (1ms)
			RebuildScriptCaches (44ms)
			SetupLoadedEditorAssemblies (955ms)
				LogAssemblyErrors (0ms)
				InitializePlatformSupportModulesInManaged (55ms)
				SetLoadedEditorAssemblies (0ms)
				RefreshPlugins (1ms)
				BeforeProcessingInitializeOnLoad (315ms)
				ProcessInitializeOnLoadAttributes (229ms)
				ProcessInitializeOnLoadMethodAttributes (46ms)
				AfterProcessingInitializeOnLoad (308ms)
				EditorAssembliesLoaded (0ms)
			ExecutionOrderSort2 (0ms)
			AwakeInstancesAfterBackupRestoration (11ms)
Platform modules already initialized, skipping
Refreshing native plugins compatible for Editor in 34.90 ms, found 4 plugins.
Preloading 0 native plugins for Editor in 0.00 ms.
Unloading 4084 Unused Serialized files (Serialized files now loaded: 0)
Unloading 25 unused Assets / (24.6 KB). Loaded Objects now: 4564.
Memory consumption went from 156.3 MB to 156.3 MB.
Total: 2.656500 ms (FindLiveObjects: 0.232600 ms CreateObjectMapping: 0.115000 ms MarkObjects: 2.281000 ms  DeleteObjects: 0.026200 ms)

AssetImportParameters requested are different than current active one (requested -> active):
  custom:video-decoder-ogg-theora: a1e56fd34408186e4bbccfd4996cb3dc -> 
  custom:container-muxer-webm: aa71ff27fc2769a1b78a27578f13a17b -> 
  custom:container-demuxer-webm: 4f35f7cbe854078d1ac9338744f61a02 -> 
  custom:video-encoder-webm-vp8: eb34c28f22e8b96e1ab97ce403110664 -> 
  custom:audio-encoder-webm-vorbis: bf7c407c2cedff20999df2af8eb42d56 -> 
  custom:framework-win-MediaFoundation: 216162199b28c13a410421893ffa2e32 -> 
  custom:container-demuxer-ogg: 62fdf1f143b41e24485cea50d1cbac27 -> 
  custom:video-decoder-webm-vp8: 9c59270c3fd7afecdb556c50c9e8de78 -> 
  custom:audio-decoder-ogg-vorbis: bf7c407c2cedff20999df2af8eb42d56 -> 
========================================================================
Received Import Request.
  Time since last request: 84.539038 seconds.
  path: Assets/Resources/Prefabs/Enemy/Enemy1.prefab
  artifactKey: Guid(4cacadd4f4dd02a4a876d3ff3d41a008) Importer(815301076,1909f56bfc062723c751e8b465ee728b)
Start importing Assets/Resources/Prefabs/Enemy/Enemy1.prefab using Guid(4cacadd4f4dd02a4a876d3ff3d41a008) Importer(815301076,1909f56bfc062723c751e8b465ee728b)  -> (artifact id: '287aefce49004470de2dd4f5c3a7abaf') in 0.380418 seconds 
========================================================================
Received Import Request.
  Time since last request: 0.000063 seconds.
  path: Assets/Resources/Prefabs/Enemy/Enemy9.prefab
  artifactKey: Guid(d50175a25fda5b94db2929360762b78a) Importer(815301076,1909f56bfc062723c751e8b465ee728b)
Start importing Assets/Resources/Prefabs/Enemy/Enemy9.prefab using Guid(d50175a25fda5b94db2929360762b78a) Importer(815301076,1909f56bfc062723c751e8b465ee728b)  -> (artifact id: 'cf4faea193c40bd22975f48dbb9d7fd4') in 0.524646 seconds 
========================================================================
Received Import Request.
  Time since last request: 0.000039 seconds.
  path: Assets/Resources/Prefabs/Enemy/Enemy10.prefab
  artifactKey: Guid(74a65e0e0d2c3a14199f550692b49f9f) Importer(815301076,1909f56bfc062723c751e8b465ee728b)
Start importing Assets/Resources/Prefabs/Enemy/Enemy10.prefab using Guid(74a65e0e0d2c3a14199f550692b49f9f) Importer(815301076,1909f56bfc062723c751e8b465ee728b)  -> (artifact id: 'fb700c8896a89b4addafe17f64aba180') in 0.631116 seconds 
========================================================================
Received Import Request.
  Time since last request: 0.000041 seconds.
  path: Assets/Resources/Prefabs/Enemy/Enemy2.prefab
  artifactKey: Guid(5f40e0211b7b3e44990e9d8d000d0a17) Importer(815301076,1909f56bfc062723c751e8b465ee728b)
Start importing Assets/Resources/Prefabs/Enemy/Enemy2.prefab using Guid(5f40e0211b7b3e44990e9d8d000d0a17) Importer(815301076,1909f56bfc062723c751e8b465ee728b) Controller 'Enemy2': Transition '' in state 'AnyState' uses parameter 'Side' which is not compatible with condition type.
UnityEngine.StackTraceUtility:ExtractStackTrace ()
UnityEditor.EditorUtility:Internal_InstantiateRemoveAllNonAnimationComponentsSingle (UnityEngine.Object,UnityEngine.Vector3,UnityEngine.Quaternion)
UnityEditor.EditorUtility:InstantiateRemoveAllNonAnimationComponents (UnityEngine.Object,UnityEngine.Vector3,UnityEngine.Quaternion)
UnityEditor.EditorUtility:InstantiateForAnimatorPreview (UnityEngine.Object)
UnityEditor.GameObjectInspector/PreviewData:UpdateGameObject (UnityEngine.Object)
UnityEditor.GameObjectInspector/PreviewData:.ctor (UnityEngine.Object)
UnityEditor.GameObjectInspector:GetPreviewData ()
UnityEditor.GameObjectInspector:RenderStaticPreview (string,UnityEngine.Object[],int,int)
UnityEditor.AssetPreviewUpdater:CreatePreview (UnityEngine.Object,UnityEngine.Object[],string,int,int)
UnityEditor.AssetPreviewUpdater:CreatePreviewForAsset (UnityEngine.Object,UnityEngine.Object[],string)

[E:\unity\Modules\Animation\AnimatorController.cpp line 889]

 -> (artifact id: '550a5c45ed5d608e4e55471f4b78b4fd') in 0.470649 seconds 
========================================================================
Received Import Request.
  Time since last request: 0.000039 seconds.
  path: Assets/Resources/Prefabs/Enemy/Enemy4.prefab
  artifactKey: Guid(729cd4a74485ebe4f87fac66f3e9ab64) Importer(815301076,1909f56bfc062723c751e8b465ee728b)
Start importing Assets/Resources/Prefabs/Enemy/Enemy4.prefab using Guid(729cd4a74485ebe4f87fac66f3e9ab64) Importer(815301076,1909f56bfc062723c751e8b465ee728b)  -> (artifact id: '0b08367a36796de23d91927e69df7519') in 0.342451 seconds 
========================================================================
Received Import Request.
  Time since last request: 19.574344 seconds.
  path: Assets/Resources/Config/Enemy5.asset
  artifactKey: Guid(9179d25d73d19a24f9238702cc6ed04a) Importer(815301076,1909f56bfc062723c751e8b465ee728b)
Start importing Assets/Resources/Config/Enemy5.asset using Guid(9179d25d73d19a24f9238702cc6ed04a) Importer(815301076,1909f56bfc062723c751e8b465ee728b)  -> (artifact id: '50d6f5abf5726e5f8c397c7d42cf8b3a') in 0.021244 seconds 
========================================================================
Received Import Request.
  Time since last request: 0.000037 seconds.
  path: Assets/Resources/Config/Enemy7.asset
  artifactKey: Guid(41fe0688fd5b4518b5258668a4414a06) Importer(815301076,1909f56bfc062723c751e8b465ee728b)
Start importing Assets/Resources/Config/Enemy7.asset using Guid(41fe0688fd5b4518b5258668a4414a06) Importer(815301076,1909f56bfc062723c751e8b465ee728b)  -> (artifact id: '60a399018a2135b0daec0b5ba06075f1') in 0.011253 seconds 
========================================================================
Received Import Request.
  Time since last request: 0.000023 seconds.
  path: Assets/Resources/Config/Enemy10.asset
  artifactKey: Guid(f1e8db6216014ea68a4a76db1cb41cef) Importer(815301076,1909f56bfc062723c751e8b465ee728b)
Start importing Assets/Resources/Config/Enemy10.asset using Guid(f1e8db6216014ea68a4a76db1cb41cef) Importer(815301076,1909f56bfc062723c751e8b465ee728b)  -> (artifact id: '344696196fd3627d955e05d9fa51160d') in 0.015495 seconds 
========================================================================
Received Import Request.
  Time since last request: 34.069910 seconds.
  path: Assets/Resources/Prefabs/Enemy/Enemy2.prefab
  artifactKey: Guid(5f40e0211b7b3e44990e9d8d000d0a17) Importer(815301076,1909f56bfc062723c751e8b465ee728b)
Start importing Assets/Resources/Prefabs/Enemy/Enemy2.prefab using Guid(5f40e0211b7b3e44990e9d8d000d0a17) Importer(815301076,1909f56bfc062723c751e8b465ee728b) Controller 'Enemy2': Transition '' in state 'AnyState' uses parameter 'Side' which is not compatible with condition type.
UnityEngine.StackTraceUtility:ExtractStackTrace ()
UnityEditor.EditorUtility:Internal_InstantiateRemoveAllNonAnimationComponentsSingle (UnityEngine.Object,UnityEngine.Vector3,UnityEngine.Quaternion)
UnityEditor.EditorUtility:InstantiateRemoveAllNonAnimationComponents (UnityEngine.Object,UnityEngine.Vector3,UnityEngine.Quaternion)
UnityEditor.EditorUtility:InstantiateForAnimatorPreview (UnityEngine.Object)
UnityEditor.GameObjectInspector/PreviewData:UpdateGameObject (UnityEngine.Object)
UnityEditor.GameObjectInspector/PreviewData:.ctor (UnityEngine.Object)
UnityEditor.GameObjectInspector:GetPreviewData ()
UnityEditor.GameObjectInspector:RenderStaticPreview (string,UnityEngine.Object[],int,int)
UnityEditor.AssetPreviewUpdater:CreatePreview (UnityEngine.Object,UnityEngine.Object[],string,int,int)
UnityEditor.AssetPreviewUpdater:CreatePreviewForAsset (UnityEngine.Object,UnityEngine.Object[],string)

[E:\unity\Modules\Animation\AnimatorController.cpp line 889]

 -> (artifact id: 'ed840c0f6bf45b190a64933f2b04e5a2') in 0.504035 seconds 
========================================================================
Received Import Request.
  Time since last request: 0.000035 seconds.
  path: Assets/Resources/Prefabs/Enemy/Enemy3.prefab
  artifactKey: Guid(c97911be43826d747a874ad0d00979e1) Importer(815301076,1909f56bfc062723c751e8b465ee728b)
Start importing Assets/Resources/Prefabs/Enemy/Enemy3.prefab using Guid(c97911be43826d747a874ad0d00979e1) Importer(815301076,1909f56bfc062723c751e8b465ee728b)  -> (artifact id: '1ad133dbbe7c0f1ad8dfef22ea327cc1') in 0.665908 seconds 
========================================================================
Received Import Request.
  Time since last request: 0.000046 seconds.
  path: Assets/Resources/Prefabs/Enemy/Enemy6.prefab
  artifactKey: Guid(a045a08472bacb047a6f5d9868ff85fc) Importer(815301076,1909f56bfc062723c751e8b465ee728b)
Start importing Assets/Resources/Prefabs/Enemy/Enemy6.prefab using Guid(a045a08472bacb047a6f5d9868ff85fc) Importer(815301076,1909f56bfc062723c751e8b465ee728b)  -> (artifact id: '6fec5a3cd84a7b62763cc9cf1480ff73') in 0.405578 seconds 
Editor requested this worker to shutdown with reason: Scaling down because of idle timeout
AssetImportWorker is now disconnected from the server
Process exiting
Exiting without the bug reporter. Application will terminate with return code 0