Using pre-set license
Built from '2021.3/china_unity/release' branch; Version is '2021.3.4f1c1 (64682593795a) revision 6580261'; Using compiler version '192829333'; Build Type 'Release'
OS: 'Windows 11  (10.0.26100) 64bit Professional' Language: 'zh' Physical Memory: 32581 MB
BatchMode: 1, IsHumanControllingUs: 0, StartBugReporterOnCrash: 0, Is64bit: 1, IsPro: 1

COMMAND LINE ARGUMENTS:
C:\Program Files\Unity\Hub\Editor\2021.3.4f1c1\Editor\Unity.exe
-adb2
-batchMode
-noUpm
-name
AssetImportWorker15
-projectPath
B:/Learn/Unity/AITowerGame
-logFile
Logs/AssetImportWorker15.log
-srvPort
49618
Successfully changed project path to: B:/Learn/Unity/AITowerGame
B:/Learn/Unity/AITowerGame
[UnityMemory] Configuration Parameters - Can be set up in boot.config
    "memorysetup-bucket-allocator-granularity=16"
    "memorysetup-bucket-allocator-bucket-count=8"
    "memorysetup-bucket-allocator-block-size=33554432"
    "memorysetup-bucket-allocator-block-count=8"
    "memorysetup-main-allocator-block-size=16777216"
    "memorysetup-thread-allocator-block-size=16777216"
    "memorysetup-gfx-main-allocator-block-size=16777216"
    "memorysetup-gfx-thread-allocator-block-size=16777216"
    "memorysetup-cache-allocator-block-size=4194304"
    "memorysetup-typetree-allocator-block-size=2097152"
    "memorysetup-profiler-bucket-allocator-granularity=16"
    "memorysetup-profiler-bucket-allocator-bucket-count=8"
    "memorysetup-profiler-bucket-allocator-block-size=33554432"
    "memorysetup-profiler-bucket-allocator-block-count=8"
    "memorysetup-profiler-allocator-block-size=16777216"
    "memorysetup-profiler-editor-allocator-block-size=1048576"
    "memorysetup-temp-allocator-size-main=16777216"
    "memorysetup-job-temp-allocator-block-size=2097152"
    "memorysetup-job-temp-allocator-block-size-background=1048576"
    "memorysetup-job-temp-allocator-reduction-small-platforms=262144"
    "memorysetup-temp-allocator-size-background-worker=32768"
    "memorysetup-temp-allocator-size-job-worker=262144"
    "memorysetup-temp-allocator-size-preload-manager=33554432"
    "memorysetup-temp-allocator-size-nav-mesh-worker=65536"
    "memorysetup-temp-allocator-size-audio-worker=65536"
    "memorysetup-temp-allocator-size-cloud-worker=32768"
    "memorysetup-temp-allocator-size-gi-baking-worker=262144"
    "memorysetup-temp-allocator-size-gfx=262144"
AS: AutoStreaming module initializing.
Refreshing native plugins compatible for Editor in 138.08 ms, found 4 plugins.
Preloading 0 native plugins for Editor in 0.00 ms.
Initialize engine version: 2021.3.4f1c1 (64682593795a)
[Subsystems] Discovering subsystems at path C:/Program Files/Unity/Hub/Editor/2021.3.4f1c1/Editor/Data/Resources/UnitySubsystems
[Subsystems] Discovering subsystems at path B:/Learn/Unity/AITowerGame/Assets
GfxDevice: creating device client; threaded=0; jobified=0
Direct3D:
    Version:  Direct3D 11.0 [level 11.1]
    Renderer: NVIDIA GeForce RTX 3060 (ID=0x2487)
    Vendor:   NVIDIA
    VRAM:     12110 MB
    Driver:   32.0.15.6094
Initialize mono
Mono path[0] = 'C:/Program Files/Unity/Hub/Editor/2021.3.4f1c1/Editor/Data/Managed'
Mono path[1] = 'C:/Program Files/Unity/Hub/Editor/2021.3.4f1c1/Editor/Data/MonoBleedingEdge/lib/mono/unityjit-win32'
Mono config path = 'C:/Program Files/Unity/Hub/Editor/2021.3.4f1c1/Editor/Data/MonoBleedingEdge/etc'
Using monoOptions --debugger-agent=transport=dt_socket,embedding=1,server=y,suspend=n,address=127.0.0.1:56240
Begin MonoManager ReloadAssembly
Registering precompiled unity dll's ...
Register platform support module: C:/Program Files/Unity/Hub/Editor/2021.3.4f1c1/Editor/Data/PlaybackEngines/WebGLSupport/UnityEditor.WebGL.Extensions.dll
Register platform support module: C:/Program Files/Unity/Hub/Editor/2021.3.4f1c1/Editor/Data/PlaybackEngines/AndroidPlayer/UnityEditor.Android.Extensions.dll
Register platform support module: C:/Program Files/Unity/Hub/Editor/2021.3.4f1c1/Editor/Data/PlaybackEngines/WindowsStandaloneSupport/UnityEditor.WindowsStandalone.Extensions.dll
Registered in 0.047908 seconds.
Native extension for WindowsStandalone target not found
Native extension for Android target not found
Native extension for WebGL target not found
Refreshing native plugins compatible for Editor in 105.34 ms, found 4 plugins.
Preloading 0 native plugins for Editor in 0.00 ms.
Mono: successfully reloaded assembly
- Completed reload, in  1.310 seconds
Domain Reload Profiling:
	ReloadAssembly (1310ms)
		BeginReloadAssembly (231ms)
			ExecutionOrderSort (0ms)
			DisableScriptedObjects (0ms)
			BackupInstance (0ms)
			ReleaseScriptingObjects (0ms)
			CreateAndSetChildDomain (1ms)
		EndReloadAssembly (690ms)
			LoadAssemblies (184ms)
			RebuildTransferFunctionScriptingTraits (0ms)
			SetupTypeCache (116ms)
			ReleaseScriptCaches (0ms)
			RebuildScriptCaches (28ms)
			SetupLoadedEditorAssemblies (339ms)
				LogAssemblyErrors (0ms)
				InitializePlatformSupportModulesInManaged (94ms)
				SetLoadedEditorAssemblies (0ms)
				RefreshPlugins (105ms)
				BeforeProcessingInitializeOnLoad (1ms)
				ProcessInitializeOnLoadAttributes (91ms)
				ProcessInitializeOnLoadMethodAttributes (47ms)
				AfterProcessingInitializeOnLoad (0ms)
				EditorAssembliesLoaded (0ms)
			ExecutionOrderSort2 (0ms)
			AwakeInstancesAfterBackupRestoration (0ms)
Platform modules already initialized, skipping
Registering precompiled user dll's ...
Registered in 0.087137 seconds.
Begin MonoManager ReloadAssembly
Symbol file LoadedFromMemory doesn't match image B:\Learn\Unity\AITowerGame\Library\PackageCache\com.unity.visualscripting@1.7.8\Editor\VisualScripting.Core\Dependencies\YamlDotNet\Unity.VisualScripting.YamlDotNet.dll
Symbol file LoadedFromMemory doesn't match image B:\Learn\Unity\AITowerGame\Library\PackageCache\com.unity.visualscripting@1.7.8\Editor\VisualScripting.Core\Dependencies\DotNetZip\Unity.VisualScripting.IonicZip.dll
Native extension for WindowsStandalone target not found
Native extension for Android target not found
Native extension for WebGL target not found
Refreshing native plugins compatible for Editor in 102.68 ms, found 4 plugins.
Preloading 0 native plugins for Editor in 0.00 ms.
Mono: successfully reloaded assembly
- Completed reload, in  2.505 seconds
Domain Reload Profiling:
	ReloadAssembly (2506ms)
		BeginReloadAssembly (556ms)
			ExecutionOrderSort (0ms)
			DisableScriptedObjects (6ms)
			BackupInstance (0ms)
			ReleaseScriptingObjects (0ms)
			CreateAndSetChildDomain (238ms)
		EndReloadAssembly (1619ms)
			LoadAssemblies (364ms)
			RebuildTransferFunctionScriptingTraits (0ms)
			SetupTypeCache (281ms)
			ReleaseScriptCaches (1ms)
			RebuildScriptCaches (59ms)
			SetupLoadedEditorAssemblies (801ms)
				LogAssemblyErrors (0ms)
				InitializePlatformSupportModulesInManaged (40ms)
				SetLoadedEditorAssemblies (0ms)
				RefreshPlugins (103ms)
				BeforeProcessingInitializeOnLoad (215ms)
				ProcessInitializeOnLoadAttributes (281ms)
				ProcessInitializeOnLoadMethodAttributes (50ms)
				AfterProcessingInitializeOnLoad (112ms)
				EditorAssembliesLoaded (0ms)
			ExecutionOrderSort2 (0ms)
			AwakeInstancesAfterBackupRestoration (7ms)
Platform modules already initialized, skipping
========================================================================
Worker process is ready to serve import requests
Launched and connected shader compiler UnityShaderCompiler.exe after 0.17 seconds
Refreshing native plugins compatible for Editor in 0.71 ms, found 4 plugins.
Preloading 0 native plugins for Editor in 0.00 ms.
Unloading 4095 Unused Serialized files (Serialized files now loaded: 0)
Unloading 38 unused Assets / (55.2 KB). Loaded Objects now: 4555.
Memory consumption went from 152.5 MB to 152.5 MB.
Total: 2.824500 ms (FindLiveObjects: 0.255100 ms CreateObjectMapping: 0.121000 ms MarkObjects: 2.376400 ms  DeleteObjects: 0.070500 ms)

AssetImportParameters requested are different than current active one (requested -> active):
  custom:video-decoder-ogg-theora: a1e56fd34408186e4bbccfd4996cb3dc -> 
  custom:container-muxer-webm: aa71ff27fc2769a1b78a27578f13a17b -> 
  custom:container-demuxer-webm: 4f35f7cbe854078d1ac9338744f61a02 -> 
  custom:video-encoder-webm-vp8: eb34c28f22e8b96e1ab97ce403110664 -> 
  custom:audio-encoder-webm-vorbis: bf7c407c2cedff20999df2af8eb42d56 -> 
  custom:framework-win-MediaFoundation: 216162199b28c13a410421893ffa2e32 -> 
  custom:container-demuxer-ogg: 62fdf1f143b41e24485cea50d1cbac27 -> 
  custom:video-decoder-webm-vp8: 9c59270c3fd7afecdb556c50c9e8de78 -> 
  custom:audio-decoder-ogg-vorbis: bf7c407c2cedff20999df2af8eb42d56 -> 
========================================================================
Received Import Request.
  Time since last request: 613710.353870 seconds.
  path: Assets/Resources/Config/Enemy1.asset
  artifactKey: Guid(5bcf2dc39bb94db498222a5b648273e1) Importer(815301076,1909f56bfc062723c751e8b465ee728b)
Start importing Assets/Resources/Config/Enemy1.asset using Guid(5bcf2dc39bb94db498222a5b648273e1) Importer(815301076,1909f56bfc062723c751e8b465ee728b)  -> (artifact id: '9badb01a4ad407a348787de779015291') in 0.084507 seconds 
========================================================================
Received Import Request.
  Time since last request: 0.145271 seconds.
  path: Assets/Resources/Config/Enemy4.asset
  artifactKey: Guid(9652abb91c794ab3ac9f29efe2a5d9b5) Importer(815301076,1909f56bfc062723c751e8b465ee728b)
Start importing Assets/Resources/Config/Enemy4.asset using Guid(9652abb91c794ab3ac9f29efe2a5d9b5) Importer(815301076,1909f56bfc062723c751e8b465ee728b)  -> (artifact id: '1d1fb8f69fce43fe2f50c95c889660fa') in 0.019647 seconds 
========================================================================
Received Import Request.
  Time since last request: 0.000044 seconds.
  path: Assets/Resources/Config/Enemy5.asset
  artifactKey: Guid(9179d25d73d19a24f9238702cc6ed04a) Importer(815301076,1909f56bfc062723c751e8b465ee728b)
Start importing Assets/Resources/Config/Enemy5.asset using Guid(9179d25d73d19a24f9238702cc6ed04a) Importer(815301076,1909f56bfc062723c751e8b465ee728b)  -> (artifact id: '4e7dbd19840832e3c8814d2745fa22b8') in 0.011099 seconds 
========================================================================
Received Import Request.
  Time since last request: 8.444877 seconds.
  path: Assets/Resources/Prefabs/Enemy/Enemy.prefab
  artifactKey: Guid(8d48963cf73ec5d4eb8ec2c94a7b57e2) Importer(815301076,1909f56bfc062723c751e8b465ee728b)
Start importing Assets/Resources/Prefabs/Enemy/Enemy.prefab using Guid(8d48963cf73ec5d4eb8ec2c94a7b57e2) Importer(815301076,1909f56bfc062723c751e8b465ee728b)  -> (artifact id: '0041f463ccbdecff9fa325620db81c76') in 0.518014 seconds 
========================================================================
Received Import Request.
  Time since last request: 0.000037 seconds.
  path: Assets/Resources/Prefabs/Enemy/Enemy9.prefab
  artifactKey: Guid(d50175a25fda5b94db2929360762b78a) Importer(815301076,1909f56bfc062723c751e8b465ee728b)
Start importing Assets/Resources/Prefabs/Enemy/Enemy9.prefab using Guid(d50175a25fda5b94db2929360762b78a) Importer(815301076,1909f56bfc062723c751e8b465ee728b)  -> (artifact id: '0e3b007f37db7981b9884539c19becfc') in 0.463206 seconds 
========================================================================
Received Import Request.
  Time since last request: 0.000050 seconds.
  path: Assets/Resources/Prefabs/Enemy/Enemy3.prefab
  artifactKey: Guid(c97911be43826d747a874ad0d00979e1) Importer(815301076,1909f56bfc062723c751e8b465ee728b)
Start importing Assets/Resources/Prefabs/Enemy/Enemy3.prefab using Guid(c97911be43826d747a874ad0d00979e1) Importer(815301076,1909f56bfc062723c751e8b465ee728b)  -> (artifact id: 'c218ba75a631adda7d63f5615b9a9472') in 0.621795 seconds 
========================================================================
Received Import Request.
  Time since last request: 0.000041 seconds.
  path: Assets/Resources/Prefabs/Enemy/Enemy7.prefab
  artifactKey: Guid(d0a46c0f93fe2fb4892f6672aaff93a6) Importer(815301076,1909f56bfc062723c751e8b465ee728b)
Start importing Assets/Resources/Prefabs/Enemy/Enemy7.prefab using Guid(d0a46c0f93fe2fb4892f6672aaff93a6) Importer(815301076,1909f56bfc062723c751e8b465ee728b)  -> (artifact id: 'f106342eeed05883c121fb535bb0c12f') in 0.726530 seconds 
========================================================================
Received Import Request.
  Time since last request: 0.000046 seconds.
  path: Assets/Resources/Prefabs/Enemy/Enemy6.prefab
  artifactKey: Guid(a045a08472bacb047a6f5d9868ff85fc) Importer(815301076,1909f56bfc062723c751e8b465ee728b)
Start importing Assets/Resources/Prefabs/Enemy/Enemy6.prefab using Guid(a045a08472bacb047a6f5d9868ff85fc) Importer(815301076,1909f56bfc062723c751e8b465ee728b)  -> (artifact id: '3e5feaae7c95b7d919751ea56b827efe') in 0.453970 seconds 
========================================================================
Received Import Request.
  Time since last request: 0.000035 seconds.
  path: Assets/Resources/Prefabs/Enemy/Enemy8.prefab
  artifactKey: Guid(8b8ec6f38b6c1b34ea63fdd8dafa879c) Importer(815301076,1909f56bfc062723c751e8b465ee728b)
Start importing Assets/Resources/Prefabs/Enemy/Enemy8.prefab using Guid(8b8ec6f38b6c1b34ea63fdd8dafa879c) Importer(815301076,1909f56bfc062723c751e8b465ee728b)  -> (artifact id: '6c06a9fd9cb6b4b4ad950ca79547c076') in 0.324768 seconds 
========================================================================
Received Import Request.
  Time since last request: 47.483538 seconds.
  path: Assets/Resources/Config/Enemy5.asset
  artifactKey: Guid(9179d25d73d19a24f9238702cc6ed04a) Importer(815301076,1909f56bfc062723c751e8b465ee728b)
Start importing Assets/Resources/Config/Enemy5.asset using Guid(9179d25d73d19a24f9238702cc6ed04a) Importer(815301076,1909f56bfc062723c751e8b465ee728b)  -> (artifact id: '376589b7a7b99bcac2424215233e6170') in 0.016453 seconds 
========================================================================
Received Import Request.
  Time since last request: 0.000041 seconds.
  path: Assets/Resources/Config/Enemy8.asset
  artifactKey: Guid(c9d47a1b12cc4d1a9f23468a212493da) Importer(815301076,1909f56bfc062723c751e8b465ee728b)
Start importing Assets/Resources/Config/Enemy8.asset using Guid(c9d47a1b12cc4d1a9f23468a212493da) Importer(815301076,1909f56bfc062723c751e8b465ee728b)  -> (artifact id: '7995c448bdee212423a295f2ac073856') in 0.016227 seconds 
========================================================================
Received Import Request.
  Time since last request: 0.000032 seconds.
  path: Assets/Resources/Config/Enemy10.asset
  artifactKey: Guid(f1e8db6216014ea68a4a76db1cb41cef) Importer(815301076,1909f56bfc062723c751e8b465ee728b)
Start importing Assets/Resources/Config/Enemy10.asset using Guid(f1e8db6216014ea68a4a76db1cb41cef) Importer(815301076,1909f56bfc062723c751e8b465ee728b)  -> (artifact id: 'beb558af45edbe6a007f3d43ce34fe78') in 0.013603 seconds 
========================================================================
Received Import Request.
  Time since last request: 4.704692 seconds.
  path: Assets/Resources/Prefabs/Enemy/Enemy.prefab
  artifactKey: Guid(8d48963cf73ec5d4eb8ec2c94a7b57e2) Importer(815301076,1909f56bfc062723c751e8b465ee728b)
Start importing Assets/Resources/Prefabs/Enemy/Enemy.prefab using Guid(8d48963cf73ec5d4eb8ec2c94a7b57e2) Importer(815301076,1909f56bfc062723c751e8b465ee728b)  -> (artifact id: 'cbf092cee5df0b46806eb3e528075f29') in 0.218585 seconds 
========================================================================
Received Import Request.
  Time since last request: 0.000044 seconds.
  path: Assets/Resources/Prefabs/Enemy/Enemy5.prefab
  artifactKey: Guid(e298a4f226c80ea4baa22a7015f9a0cc) Importer(815301076,1909f56bfc062723c751e8b465ee728b)
Start importing Assets/Resources/Prefabs/Enemy/Enemy5.prefab using Guid(e298a4f226c80ea4baa22a7015f9a0cc) Importer(815301076,1909f56bfc062723c751e8b465ee728b)  -> (artifact id: '53a32a0ad418658ff64642f57efc8cc9') in 0.538503 seconds 
========================================================================
Received Import Request.
  Time since last request: 0.000063 seconds.
  path: Assets/Resources/Prefabs/Enemy/Enemy10.prefab
  artifactKey: Guid(74a65e0e0d2c3a14199f550692b49f9f) Importer(815301076,1909f56bfc062723c751e8b465ee728b)
Start importing Assets/Resources/Prefabs/Enemy/Enemy10.prefab using Guid(74a65e0e0d2c3a14199f550692b49f9f) Importer(815301076,1909f56bfc062723c751e8b465ee728b)  -> (artifact id: '666d32fae964e713f66be2e9beded1d9') in 0.598666 seconds 
========================================================================
Received Import Request.
  Time since last request: 0.000036 seconds.
  path: Assets/Resources/Prefabs/Enemy/Enemy4.prefab
  artifactKey: Guid(729cd4a74485ebe4f87fac66f3e9ab64) Importer(815301076,1909f56bfc062723c751e8b465ee728b)
Start importing Assets/Resources/Prefabs/Enemy/Enemy4.prefab using Guid(729cd4a74485ebe4f87fac66f3e9ab64) Importer(815301076,1909f56bfc062723c751e8b465ee728b)  -> (artifact id: '46637df1e39da5ec4baf46ebecf626d8') in 0.375949 seconds 
========================================================================
Received Import Request.
  Time since last request: 9.641975 seconds.
  path: Assets/Resources/Prefabs/Enemy/Enemy1.prefab
  artifactKey: Guid(4cacadd4f4dd02a4a876d3ff3d41a008) Importer(815301076,1909f56bfc062723c751e8b465ee728b)
Start importing Assets/Resources/Prefabs/Enemy/Enemy1.prefab using Guid(4cacadd4f4dd02a4a876d3ff3d41a008) Importer(815301076,1909f56bfc062723c751e8b465ee728b)  -> (artifact id: 'ad27ae18d90b28225b1a322d4ffbebd9') in 0.181699 seconds 
========================================================================
Received Import Request.
  Time since last request: 23.132209 seconds.
  path: Assets/Resources/Prefabs/Enemy/Enemy2.prefab
  artifactKey: Guid(5f40e0211b7b3e44990e9d8d000d0a17) Importer(815301076,1909f56bfc062723c751e8b465ee728b)
Start importing Assets/Resources/Prefabs/Enemy/Enemy2.prefab using Guid(5f40e0211b7b3e44990e9d8d000d0a17) Importer(815301076,1909f56bfc062723c751e8b465ee728b) Controller 'Enemy2': Transition '' in state 'AnyState' uses parameter 'Side' which is not compatible with condition type.
UnityEngine.StackTraceUtility:ExtractStackTrace ()
UnityEditor.EditorUtility:Internal_InstantiateRemoveAllNonAnimationComponentsSingle (UnityEngine.Object,UnityEngine.Vector3,UnityEngine.Quaternion)
UnityEditor.EditorUtility:InstantiateRemoveAllNonAnimationComponents (UnityEngine.Object,UnityEngine.Vector3,UnityEngine.Quaternion)
UnityEditor.EditorUtility:InstantiateForAnimatorPreview (UnityEngine.Object)
UnityEditor.GameObjectInspector/PreviewData:UpdateGameObject (UnityEngine.Object)
UnityEditor.GameObjectInspector/PreviewData:.ctor (UnityEngine.Object)
UnityEditor.GameObjectInspector:GetPreviewData ()
UnityEditor.GameObjectInspector:RenderStaticPreview (string,UnityEngine.Object[],int,int)
UnityEditor.AssetPreviewUpdater:CreatePreview (UnityEngine.Object,UnityEngine.Object[],string,int,int)
UnityEditor.AssetPreviewUpdater:CreatePreviewForAsset (UnityEngine.Object,UnityEngine.Object[],string)

[E:\unity\Modules\Animation\AnimatorController.cpp line 889]

 -> (artifact id: 'd50490c41ef18d6027f06c2bb7174a28') in 0.286835 seconds 
========================================================================
Received Import Request.
  Time since last request: 5.729448 seconds.
  path: Assets/Resources/Prefabs/Enemy/Enemy3.prefab
  artifactKey: Guid(c97911be43826d747a874ad0d00979e1) Importer(815301076,1909f56bfc062723c751e8b465ee728b)
Start importing Assets/Resources/Prefabs/Enemy/Enemy3.prefab using Guid(c97911be43826d747a874ad0d00979e1) Importer(815301076,1909f56bfc062723c751e8b465ee728b)  -> (artifact id: 'ea174b3c6d8466f4f547f8a0c9be828e') in 0.368754 seconds 
========================================================================
Received Import Request.
  Time since last request: 8.508882 seconds.
  path: Assets/Resources/Prefabs/Enemy/Enemy4.prefab
  artifactKey: Guid(729cd4a74485ebe4f87fac66f3e9ab64) Importer(815301076,1909f56bfc062723c751e8b465ee728b)
Start importing Assets/Resources/Prefabs/Enemy/Enemy4.prefab using Guid(729cd4a74485ebe4f87fac66f3e9ab64) Importer(815301076,1909f56bfc062723c751e8b465ee728b)  -> (artifact id: '5067447848150c773a4da2cc9386adaa') in 0.310385 seconds 
========================================================================
Received Import Request.
  Time since last request: 11.570143 seconds.
  path: Assets/Resources/Prefabs/Enemy/Enemy6.prefab
  artifactKey: Guid(a045a08472bacb047a6f5d9868ff85fc) Importer(815301076,1909f56bfc062723c751e8b465ee728b)
Start importing Assets/Resources/Prefabs/Enemy/Enemy6.prefab using Guid(a045a08472bacb047a6f5d9868ff85fc) Importer(815301076,1909f56bfc062723c751e8b465ee728b)  -> (artifact id: '29f9e6f130fdb26c580cecf17b1f0d8c') in 0.225791 seconds 
========================================================================
Received Import Request.
  Time since last request: 6.288350 seconds.
  path: Assets/Resources/Prefabs/Enemy/Enemy7.prefab
  artifactKey: Guid(d0a46c0f93fe2fb4892f6672aaff93a6) Importer(815301076,1909f56bfc062723c751e8b465ee728b)
Start importing Assets/Resources/Prefabs/Enemy/Enemy7.prefab using Guid(d0a46c0f93fe2fb4892f6672aaff93a6) Importer(815301076,1909f56bfc062723c751e8b465ee728b)  -> (artifact id: 'fa78f9748d7ee9c30d73bd0c436c2e53') in 0.305351 seconds 
========================================================================
Received Import Request.
  Time since last request: 12.902628 seconds.
  path: Assets/Resources/Prefabs/Enemy/Enemy8.prefab
  artifactKey: Guid(8b8ec6f38b6c1b34ea63fdd8dafa879c) Importer(815301076,1909f56bfc062723c751e8b465ee728b)
Start importing Assets/Resources/Prefabs/Enemy/Enemy8.prefab using Guid(8b8ec6f38b6c1b34ea63fdd8dafa879c) Importer(815301076,1909f56bfc062723c751e8b465ee728b)  -> (artifact id: '334222ac34a07a337a5c54ab66e92d6a') in 0.330991 seconds 
========================================================================
Received Import Request.
  Time since last request: 10.168190 seconds.
  path: Assets/Resources/Prefabs/Enemy/Enemy9.prefab
  artifactKey: Guid(d50175a25fda5b94db2929360762b78a) Importer(815301076,1909f56bfc062723c751e8b465ee728b)
Start importing Assets/Resources/Prefabs/Enemy/Enemy9.prefab using Guid(d50175a25fda5b94db2929360762b78a) Importer(815301076,1909f56bfc062723c751e8b465ee728b)  -> (artifact id: '0d8dfbec19d1cd9a0700d9cf58c7b9b1') in 0.301422 seconds 
========================================================================
Received Import Request.
  Time since last request: 8.342790 seconds.
  path: Assets/Resources/Prefabs/Enemy/Enemy10.prefab
  artifactKey: Guid(74a65e0e0d2c3a14199f550692b49f9f) Importer(815301076,1909f56bfc062723c751e8b465ee728b)
Start importing Assets/Resources/Prefabs/Enemy/Enemy10.prefab using Guid(74a65e0e0d2c3a14199f550692b49f9f) Importer(815301076,1909f56bfc062723c751e8b465ee728b)  -> (artifact id: 'ef4362c37dd8458063bb54bad80dca2b') in 0.294920 seconds 
========================================================================
Received Import Request.
  Time since last request: 18.324172 seconds.
  path: Assets/Resources/Config/Enemy1.asset
  artifactKey: Guid(5bcf2dc39bb94db498222a5b648273e1) Importer(815301076,1909f56bfc062723c751e8b465ee728b)
Start importing Assets/Resources/Config/Enemy1.asset using Guid(5bcf2dc39bb94db498222a5b648273e1) Importer(815301076,1909f56bfc062723c751e8b465ee728b)  -> (artifact id: '8247d82e1701c3fe5bd3d734a2f8ac83') in 0.014356 seconds 
========================================================================
Received Import Request.
  Time since last request: 5.900885 seconds.
  path: Assets/Resources/Prefabs/Enemy/Enemy1.prefab
  artifactKey: Guid(4cacadd4f4dd02a4a876d3ff3d41a008) Importer(815301076,1909f56bfc062723c751e8b465ee728b)
Start importing Assets/Resources/Prefabs/Enemy/Enemy1.prefab using Guid(4cacadd4f4dd02a4a876d3ff3d41a008) Importer(815301076,1909f56bfc062723c751e8b465ee728b)  -> (artifact id: 'c452420871007a12ba6280d86f51e7fb') in 0.211314 seconds 
========================================================================
Received Import Request.
  Time since last request: 146.845462 seconds.
  path: Assets/Resources/Config/Enemy5.asset
  artifactKey: Guid(9179d25d73d19a24f9238702cc6ed04a) Importer(815301076,1909f56bfc062723c751e8b465ee728b)
Start importing Assets/Resources/Config/Enemy5.asset using Guid(9179d25d73d19a24f9238702cc6ed04a) Importer(815301076,1909f56bfc062723c751e8b465ee728b)  -> (artifact id: 'b0f657bc8ff227b07a84612600fc9e72') in 0.015400 seconds 
========================================================================
Received Import Request.
  Time since last request: 0.067992 seconds.
  path: Assets/Resources/Config/Enemy1.asset
  artifactKey: Guid(5bcf2dc39bb94db498222a5b648273e1) Importer(815301076,1909f56bfc062723c751e8b465ee728b)
Start importing Assets/Resources/Config/Enemy1.asset using Guid(5bcf2dc39bb94db498222a5b648273e1) Importer(815301076,1909f56bfc062723c751e8b465ee728b)  -> (artifact id: 'ab5d41f7b9775c5ee8e6631b5b5e328f') in 0.011757 seconds 
========================================================================
Received Import Request.
  Time since last request: 0.008097 seconds.
  path: Assets/Resources/Config/level1.asset
  artifactKey: Guid(1da79f1f45db6824e8f8c0ee814a6f7f) Importer(815301076,1909f56bfc062723c751e8b465ee728b)
Start importing Assets/Resources/Config/level1.asset using Guid(1da79f1f45db6824e8f8c0ee814a6f7f) Importer(815301076,1909f56bfc062723c751e8b465ee728b)  -> (artifact id: '020531548e319188f368e3f61d0cff43') in 0.010774 seconds 
========================================================================
Received Import Request.
  Time since last request: 4.672795 seconds.
  path: Assets/Resources/Config/Enemy5.asset
  artifactKey: Guid(9179d25d73d19a24f9238702cc6ed04a) Importer(815301076,1909f56bfc062723c751e8b465ee728b)
Start importing Assets/Resources/Config/Enemy5.asset using Guid(9179d25d73d19a24f9238702cc6ed04a) Importer(815301076,1909f56bfc062723c751e8b465ee728b)  -> (artifact id: '49e10aa44daa0a9f1dc7dc73340fefb9') in 0.013086 seconds 
========================================================================
Received Import Request.
  Time since last request: 38.200171 seconds.
  path: Assets/Resources/Config/Enemy10.asset
  artifactKey: Guid(f1e8db6216014ea68a4a76db1cb41cef) Importer(815301076,1909f56bfc062723c751e8b465ee728b)
Start importing Assets/Resources/Config/Enemy10.asset using Guid(f1e8db6216014ea68a4a76db1cb41cef) Importer(815301076,1909f56bfc062723c751e8b465ee728b)  -> (artifact id: 'a495a20638ec7d9e9e0a8e306369bfff') in 0.009644 seconds 
========================================================================
Received Import Request.
  Time since last request: 15.437825 seconds.
  path: Assets/Resources/Config/Enemy1.asset
  artifactKey: Guid(5bcf2dc39bb94db498222a5b648273e1) Importer(815301076,1909f56bfc062723c751e8b465ee728b)
Start importing Assets/Resources/Config/Enemy1.asset using Guid(5bcf2dc39bb94db498222a5b648273e1) Importer(815301076,1909f56bfc062723c751e8b465ee728b)  -> (artifact id: 'f726f94b47566579f3243675bf694e93') in 0.006929 seconds 
========================================================================
Received Import Request.
  Time since last request: 206.948462 seconds.
  path: Assets/Resources/Config/level1.asset
  artifactKey: Guid(1da79f1f45db6824e8f8c0ee814a6f7f) Importer(815301076,1909f56bfc062723c751e8b465ee728b)
Start importing Assets/Resources/Config/level1.asset using Guid(1da79f1f45db6824e8f8c0ee814a6f7f) Importer(815301076,1909f56bfc062723c751e8b465ee728b)  -> (artifact id: '371187ebc51e8b949cf716d4d92ca22d') in 0.008001 seconds 
========================================================================
Received Prepare
Registering precompiled user dll's ...
Registered in 0.169245 seconds.
Begin MonoManager ReloadAssembly
Symbol file LoadedFromMemory doesn't match image B:\Learn\Unity\AITowerGame\Library\PackageCache\com.unity.visualscripting@1.7.8\Editor\VisualScripting.Core\Dependencies\YamlDotNet\Unity.VisualScripting.YamlDotNet.dll
Symbol file LoadedFromMemory doesn't match image B:\Learn\Unity\AITowerGame\Library\PackageCache\com.unity.visualscripting@1.7.8\Editor\VisualScripting.Core\Dependencies\DotNetZip\Unity.VisualScripting.IonicZip.dll
Native extension for WindowsStandalone target not found
Native extension for Android target not found
Native extension for WebGL target not found
Refreshing native plugins compatible for Editor in 0.86 ms, found 4 plugins.
Preloading 0 native plugins for Editor in 0.00 ms.
Mono: successfully reloaded assembly
- Completed reload, in  3.346 seconds
Domain Reload Profiling:
	ReloadAssembly (3347ms)
		BeginReloadAssembly (604ms)
			ExecutionOrderSort (0ms)
			DisableScriptedObjects (6ms)
			BackupInstance (0ms)
			ReleaseScriptingObjects (0ms)
			CreateAndSetChildDomain (46ms)
		EndReloadAssembly (2233ms)
			LoadAssemblies (556ms)
			RebuildTransferFunctionScriptingTraits (0ms)
			SetupTypeCache (228ms)
			ReleaseScriptCaches (1ms)
			RebuildScriptCaches (41ms)
			SetupLoadedEditorAssemblies (955ms)
				LogAssemblyErrors (0ms)
				InitializePlatformSupportModulesInManaged (56ms)
				SetLoadedEditorAssemblies (0ms)
				RefreshPlugins (1ms)
				BeforeProcessingInitializeOnLoad (247ms)
				ProcessInitializeOnLoadAttributes (220ms)
				ProcessInitializeOnLoadMethodAttributes (51ms)
				AfterProcessingInitializeOnLoad (379ms)
				EditorAssembliesLoaded (0ms)
			ExecutionOrderSort2 (0ms)
			AwakeInstancesAfterBackupRestoration (12ms)
Platform modules already initialized, skipping
Refreshing native plugins compatible for Editor in 26.30 ms, found 4 plugins.
Preloading 0 native plugins for Editor in 0.00 ms.
Unloading 4084 Unused Serialized files (Serialized files now loaded: 0)
Unloading 25 unused Assets / (24.6 KB). Loaded Objects now: 4564.
Memory consumption went from 156.7 MB to 156.6 MB.
Total: 2.813700 ms (FindLiveObjects: 0.256900 ms CreateObjectMapping: 0.115700 ms MarkObjects: 2.411800 ms  DeleteObjects: 0.027800 ms)

AssetImportParameters requested are different than current active one (requested -> active):
  custom:video-decoder-ogg-theora: a1e56fd34408186e4bbccfd4996cb3dc -> 
  custom:container-muxer-webm: aa71ff27fc2769a1b78a27578f13a17b -> 
  custom:container-demuxer-webm: 4f35f7cbe854078d1ac9338744f61a02 -> 
  custom:video-encoder-webm-vp8: eb34c28f22e8b96e1ab97ce403110664 -> 
  custom:audio-encoder-webm-vorbis: bf7c407c2cedff20999df2af8eb42d56 -> 
  custom:framework-win-MediaFoundation: 216162199b28c13a410421893ffa2e32 -> 
  custom:container-demuxer-ogg: 62fdf1f143b41e24485cea50d1cbac27 -> 
  custom:video-decoder-webm-vp8: 9c59270c3fd7afecdb556c50c9e8de78 -> 
  custom:audio-decoder-ogg-vorbis: bf7c407c2cedff20999df2af8eb42d56 -> 
========================================================================
Received Import Request.
  Time since last request: 96.546655 seconds.
  path: Assets/Resources/Prefabs/Enemy/Enemy.prefab
  artifactKey: Guid(8d48963cf73ec5d4eb8ec2c94a7b57e2) Importer(815301076,1909f56bfc062723c751e8b465ee728b)
Start importing Assets/Resources/Prefabs/Enemy/Enemy.prefab using Guid(8d48963cf73ec5d4eb8ec2c94a7b57e2) Importer(815301076,1909f56bfc062723c751e8b465ee728b)  -> (artifact id: '9b9f71ec8ab32fc996f927310710b8af') in 0.265982 seconds 
========================================================================
Received Import Request.
  Time since last request: 0.000028 seconds.
  path: Assets/Resources/Prefabs/Enemy/Enemy9.prefab
  artifactKey: Guid(d50175a25fda5b94db2929360762b78a) Importer(815301076,1909f56bfc062723c751e8b465ee728b)
Start importing Assets/Resources/Prefabs/Enemy/Enemy9.prefab using Guid(d50175a25fda5b94db2929360762b78a) Importer(815301076,1909f56bfc062723c751e8b465ee728b)  -> (artifact id: 'ffad1f46e115683415c562d779eae8b1') in 0.582229 seconds 
========================================================================
Received Import Request.
  Time since last request: 0.000063 seconds.
  path: Assets/Resources/Prefabs/Enemy/Enemy3.prefab
  artifactKey: Guid(c97911be43826d747a874ad0d00979e1) Importer(815301076,1909f56bfc062723c751e8b465ee728b)
Start importing Assets/Resources/Prefabs/Enemy/Enemy3.prefab using Guid(c97911be43826d747a874ad0d00979e1) Importer(815301076,1909f56bfc062723c751e8b465ee728b)  -> (artifact id: '9a1b545dc56f794fc69936c0bebccdac') in 0.414687 seconds 
========================================================================
Received Import Request.
  Time since last request: 0.000037 seconds.
  path: Assets/Resources/Prefabs/Enemy/Enemy2.prefab
  artifactKey: Guid(5f40e0211b7b3e44990e9d8d000d0a17) Importer(815301076,1909f56bfc062723c751e8b465ee728b)
Start importing Assets/Resources/Prefabs/Enemy/Enemy2.prefab using Guid(5f40e0211b7b3e44990e9d8d000d0a17) Importer(815301076,1909f56bfc062723c751e8b465ee728b) Controller 'Enemy2': Transition '' in state 'AnyState' uses parameter 'Side' which is not compatible with condition type.
UnityEngine.StackTraceUtility:ExtractStackTrace ()
UnityEditor.EditorUtility:Internal_InstantiateRemoveAllNonAnimationComponentsSingle (UnityEngine.Object,UnityEngine.Vector3,UnityEngine.Quaternion)
UnityEditor.EditorUtility:InstantiateRemoveAllNonAnimationComponents (UnityEngine.Object,UnityEngine.Vector3,UnityEngine.Quaternion)
UnityEditor.EditorUtility:InstantiateForAnimatorPreview (UnityEngine.Object)
UnityEditor.GameObjectInspector/PreviewData:UpdateGameObject (UnityEngine.Object)
UnityEditor.GameObjectInspector/PreviewData:.ctor (UnityEngine.Object)
UnityEditor.GameObjectInspector:GetPreviewData ()
UnityEditor.GameObjectInspector:RenderStaticPreview (string,UnityEngine.Object[],int,int)
UnityEditor.AssetPreviewUpdater:CreatePreview (UnityEngine.Object,UnityEngine.Object[],string,int,int)
UnityEditor.AssetPreviewUpdater:CreatePreviewForAsset (UnityEngine.Object,UnityEngine.Object[],string)

[E:\unity\Modules\Animation\AnimatorController.cpp line 889]

 -> (artifact id: '0e2e672838b5a064f1a94eb285575f8b') in 0.316473 seconds 
========================================================================
Received Import Request.
  Time since last request: 0.000038 seconds.
  path: Assets/Resources/Prefabs/Enemy/Enemy4.prefab
  artifactKey: Guid(729cd4a74485ebe4f87fac66f3e9ab64) Importer(815301076,1909f56bfc062723c751e8b465ee728b)
Start importing Assets/Resources/Prefabs/Enemy/Enemy4.prefab using Guid(729cd4a74485ebe4f87fac66f3e9ab64) Importer(815301076,1909f56bfc062723c751e8b465ee728b)  -> (artifact id: '6efef0dd2fb9cfee0a112c1a053a1b83') in 0.399936 seconds 
Editor requested this worker to shutdown with reason: Scaling down because of idle timeout
AssetImportWorker is now disconnected from the server
Process exiting
Exiting without the bug reporter. Application will terminate with return code 0