Using pre-set license
Built from '2021.3/china_unity/release' branch; Version is '2021.3.4f1c1 (64682593795a) revision 6580261'; Using compiler version '192829333'; Build Type 'Release'
OS: 'Windows 11  (10.0.26100) 64bit Professional' Language: 'zh' Physical Memory: 32581 MB
BatchMode: 1, IsHumanControllingUs: 0, StartBugReporterOnCrash: 0, Is64bit: 1, IsPro: 1

COMMAND LINE ARGUMENTS:
C:\Program Files\Unity\Hub\Editor\2021.3.4f1c1\Editor\Unity.exe
-adb2
-batchMode
-noUpm
-name
AssetImportWorker14
-projectPath
B:/Learn/Unity/AITowerGame
-logFile
Logs/AssetImportWorker14.log
-srvPort
49618
Successfully changed project path to: B:/Learn/Unity/AITowerGame
B:/Learn/Unity/AITowerGame
[UnityMemory] Configuration Parameters - Can be set up in boot.config
    "memorysetup-bucket-allocator-granularity=16"
    "memorysetup-bucket-allocator-bucket-count=8"
    "memorysetup-bucket-allocator-block-size=33554432"
    "memorysetup-bucket-allocator-block-count=8"
    "memorysetup-main-allocator-block-size=16777216"
    "memorysetup-thread-allocator-block-size=16777216"
    "memorysetup-gfx-main-allocator-block-size=16777216"
    "memorysetup-gfx-thread-allocator-block-size=16777216"
    "memorysetup-cache-allocator-block-size=4194304"
    "memorysetup-typetree-allocator-block-size=2097152"
    "memorysetup-profiler-bucket-allocator-granularity=16"
    "memorysetup-profiler-bucket-allocator-bucket-count=8"
    "memorysetup-profiler-bucket-allocator-block-size=33554432"
    "memorysetup-profiler-bucket-allocator-block-count=8"
    "memorysetup-profiler-allocator-block-size=16777216"
    "memorysetup-profiler-editor-allocator-block-size=1048576"
    "memorysetup-temp-allocator-size-main=16777216"
    "memorysetup-job-temp-allocator-block-size=2097152"
    "memorysetup-job-temp-allocator-block-size-background=1048576"
    "memorysetup-job-temp-allocator-reduction-small-platforms=262144"
    "memorysetup-temp-allocator-size-background-worker=32768"
    "memorysetup-temp-allocator-size-job-worker=262144"
    "memorysetup-temp-allocator-size-preload-manager=33554432"
    "memorysetup-temp-allocator-size-nav-mesh-worker=65536"
    "memorysetup-temp-allocator-size-audio-worker=65536"
    "memorysetup-temp-allocator-size-cloud-worker=32768"
    "memorysetup-temp-allocator-size-gi-baking-worker=262144"
    "memorysetup-temp-allocator-size-gfx=262144"
AS: AutoStreaming module initializing.
Refreshing native plugins compatible for Editor in 172.63 ms, found 4 plugins.
Preloading 0 native plugins for Editor in 0.00 ms.
Initialize engine version: 2021.3.4f1c1 (64682593795a)
[Subsystems] Discovering subsystems at path C:/Program Files/Unity/Hub/Editor/2021.3.4f1c1/Editor/Data/Resources/UnitySubsystems
[Subsystems] Discovering subsystems at path B:/Learn/Unity/AITowerGame/Assets
GfxDevice: creating device client; threaded=0; jobified=0
Direct3D:
    Version:  Direct3D 11.0 [level 11.1]
    Renderer: NVIDIA GeForce RTX 3060 (ID=0x2487)
    Vendor:   NVIDIA
    VRAM:     12110 MB
    Driver:   32.0.15.6094
Initialize mono
Mono path[0] = 'C:/Program Files/Unity/Hub/Editor/2021.3.4f1c1/Editor/Data/Managed'
Mono path[1] = 'C:/Program Files/Unity/Hub/Editor/2021.3.4f1c1/Editor/Data/MonoBleedingEdge/lib/mono/unityjit-win32'
Mono config path = 'C:/Program Files/Unity/Hub/Editor/2021.3.4f1c1/Editor/Data/MonoBleedingEdge/etc'
Using monoOptions --debugger-agent=transport=dt_socket,embedding=1,server=y,suspend=n,address=127.0.0.1:56104
Begin MonoManager ReloadAssembly
Registering precompiled unity dll's ...
Register platform support module: C:/Program Files/Unity/Hub/Editor/2021.3.4f1c1/Editor/Data/PlaybackEngines/WebGLSupport/UnityEditor.WebGL.Extensions.dll
Register platform support module: C:/Program Files/Unity/Hub/Editor/2021.3.4f1c1/Editor/Data/PlaybackEngines/AndroidPlayer/UnityEditor.Android.Extensions.dll
Register platform support module: C:/Program Files/Unity/Hub/Editor/2021.3.4f1c1/Editor/Data/PlaybackEngines/WindowsStandaloneSupport/UnityEditor.WindowsStandalone.Extensions.dll
Registered in 0.077979 seconds.
Native extension for WindowsStandalone target not found
Native extension for Android target not found
Native extension for WebGL target not found
Refreshing native plugins compatible for Editor in 111.30 ms, found 4 plugins.
Preloading 0 native plugins for Editor in 0.00 ms.
Mono: successfully reloaded assembly
- Completed reload, in  1.944 seconds
Domain Reload Profiling:
	ReloadAssembly (1945ms)
		BeginReloadAssembly (378ms)
			ExecutionOrderSort (0ms)
			DisableScriptedObjects (0ms)
			BackupInstance (0ms)
			ReleaseScriptingObjects (0ms)
			CreateAndSetChildDomain (1ms)
		EndReloadAssembly (936ms)
			LoadAssemblies (293ms)
			RebuildTransferFunctionScriptingTraits (0ms)
			SetupTypeCache (125ms)
			ReleaseScriptCaches (0ms)
			RebuildScriptCaches (31ms)
			SetupLoadedEditorAssemblies (368ms)
				LogAssemblyErrors (0ms)
				InitializePlatformSupportModulesInManaged (99ms)
				SetLoadedEditorAssemblies (0ms)
				RefreshPlugins (111ms)
				BeforeProcessingInitializeOnLoad (1ms)
				ProcessInitializeOnLoadAttributes (95ms)
				ProcessInitializeOnLoadMethodAttributes (62ms)
				AfterProcessingInitializeOnLoad (0ms)
				EditorAssembliesLoaded (0ms)
			ExecutionOrderSort2 (0ms)
			AwakeInstancesAfterBackupRestoration (0ms)
Platform modules already initialized, skipping
Registering precompiled user dll's ...
Registered in 0.182348 seconds.
Android Extension - Scanning For ADB Devices 10026 ms
Begin MonoManager ReloadAssembly
Symbol file LoadedFromMemory doesn't match image B:\Learn\Unity\AITowerGame\Library\PackageCache\com.unity.visualscripting@1.7.8\Editor\VisualScripting.Core\Dependencies\YamlDotNet\Unity.VisualScripting.YamlDotNet.dll
Symbol file LoadedFromMemory doesn't match image B:\Learn\Unity\AITowerGame\Library\PackageCache\com.unity.visualscripting@1.7.8\Editor\VisualScripting.Core\Dependencies\DotNetZip\Unity.VisualScripting.IonicZip.dll
Native extension for WindowsStandalone target not found
Native extension for Android target not found
Native extension for WebGL target not found
Refreshing native plugins compatible for Editor in 95.49 ms, found 4 plugins.
Preloading 0 native plugins for Editor in 0.00 ms.
Mono: successfully reloaded assembly
- Completed reload, in  2.568 seconds
Domain Reload Profiling:
	ReloadAssembly (2569ms)
		BeginReloadAssembly (260ms)
			ExecutionOrderSort (0ms)
			DisableScriptedObjects (7ms)
			BackupInstance (0ms)
			ReleaseScriptingObjects (0ms)
			CreateAndSetChildDomain (18ms)
		EndReloadAssembly (1926ms)
			LoadAssemblies (384ms)
			RebuildTransferFunctionScriptingTraits (0ms)
			SetupTypeCache (280ms)
			ReleaseScriptCaches (0ms)
			RebuildScriptCaches (57ms)
			SetupLoadedEditorAssemblies (897ms)
				LogAssemblyErrors (0ms)
				InitializePlatformSupportModulesInManaged (32ms)
				SetLoadedEditorAssemblies (0ms)
				RefreshPlugins (96ms)
				BeforeProcessingInitializeOnLoad (189ms)
				ProcessInitializeOnLoadAttributes (324ms)
				ProcessInitializeOnLoadMethodAttributes (56ms)
				AfterProcessingInitializeOnLoad (200ms)
				EditorAssembliesLoaded (1ms)
			ExecutionOrderSort2 (0ms)
			AwakeInstancesAfterBackupRestoration (10ms)
Platform modules already initialized, skipping
========================================================================
Worker process is ready to serve import requests
Launched and connected shader compiler UnityShaderCompiler.exe after 0.14 seconds
Refreshing native plugins compatible for Editor in 0.89 ms, found 4 plugins.
Preloading 0 native plugins for Editor in 0.00 ms.
Unloading 4095 Unused Serialized files (Serialized files now loaded: 0)
Unloading 38 unused Assets / (55.2 KB). Loaded Objects now: 4555.
Memory consumption went from 152.5 MB to 152.5 MB.
Total: 4.093500 ms (FindLiveObjects: 0.290300 ms CreateObjectMapping: 0.158900 ms MarkObjects: 3.553700 ms  DeleteObjects: 0.088800 ms)

AssetImportParameters requested are different than current active one (requested -> active):
  custom:video-decoder-ogg-theora: a1e56fd34408186e4bbccfd4996cb3dc -> 
  custom:container-muxer-webm: aa71ff27fc2769a1b78a27578f13a17b -> 
  custom:container-demuxer-webm: 4f35f7cbe854078d1ac9338744f61a02 -> 
  custom:video-encoder-webm-vp8: eb34c28f22e8b96e1ab97ce403110664 -> 
  custom:audio-encoder-webm-vorbis: bf7c407c2cedff20999df2af8eb42d56 -> 
  custom:framework-win-MediaFoundation: 216162199b28c13a410421893ffa2e32 -> 
  custom:container-demuxer-ogg: 62fdf1f143b41e24485cea50d1cbac27 -> 
  custom:video-decoder-webm-vp8: 9c59270c3fd7afecdb556c50c9e8de78 -> 
  custom:audio-decoder-ogg-vorbis: bf7c407c2cedff20999df2af8eb42d56 -> 
========================================================================
Received Import Request.
  Time since last request: 613595.713510 seconds.
  path: Assets/Resources/Config/Enemy2.asset
  artifactKey: Guid(2085e4591f214620a29dd2ba0b145cb3) Importer(815301076,1909f56bfc062723c751e8b465ee728b)
Start importing Assets/Resources/Config/Enemy2.asset using Guid(2085e4591f214620a29dd2ba0b145cb3) Importer(815301076,1909f56bfc062723c751e8b465ee728b)  -> (artifact id: '2a40cd995254b13fd661be5532f4c69b') in 0.053889 seconds 
========================================================================
Received Import Request.
  Time since last request: 0.141606 seconds.
  path: Assets/Resources/Config/Enemy4.asset
  artifactKey: Guid(9652abb91c794ab3ac9f29efe2a5d9b5) Importer(815301076,1909f56bfc062723c751e8b465ee728b)
Start importing Assets/Resources/Config/Enemy4.asset using Guid(9652abb91c794ab3ac9f29efe2a5d9b5) Importer(815301076,1909f56bfc062723c751e8b465ee728b)  -> (artifact id: 'c0f1f46786f4b1767fa76a13cbf00959') in 0.018675 seconds 
========================================================================
Received Import Request.
  Time since last request: 0.000036 seconds.
  path: Assets/Resources/Config/Enemy7.asset
  artifactKey: Guid(41fe0688fd5b4518b5258668a4414a06) Importer(815301076,1909f56bfc062723c751e8b465ee728b)
Start importing Assets/Resources/Config/Enemy7.asset using Guid(41fe0688fd5b4518b5258668a4414a06) Importer(815301076,1909f56bfc062723c751e8b465ee728b)  -> (artifact id: 'b048296e73dd91c200458501f0c27950') in 0.016805 seconds 
========================================================================
Received Import Request.
  Time since last request: 0.000023 seconds.
  path: Assets/Resources/Config/Enemy9.asset
  artifactKey: Guid(96daf029c11f4f9595be3398d320d2bd) Importer(815301076,1909f56bfc062723c751e8b465ee728b)
Start importing Assets/Resources/Config/Enemy9.asset using Guid(96daf029c11f4f9595be3398d320d2bd) Importer(815301076,1909f56bfc062723c751e8b465ee728b)  -> (artifact id: 'f345557bff168aff13cbe84a86c8bad4') in 0.012755 seconds 
========================================================================
Received Import Request.
  Time since last request: 0.000031 seconds.
  path: Assets/Resources/Config/Enemy6.asset
  artifactKey: Guid(37adaca45149426f8d3aecee6fb4c1cb) Importer(815301076,1909f56bfc062723c751e8b465ee728b)
Start importing Assets/Resources/Config/Enemy6.asset using Guid(37adaca45149426f8d3aecee6fb4c1cb) Importer(815301076,1909f56bfc062723c751e8b465ee728b)  -> (artifact id: '9faac2f26084ecf2b742abbbb3327112') in 0.010613 seconds 
========================================================================
Received Import Request.
  Time since last request: 114.352942 seconds.
  path: Assets/Resources/Config/Enemy2.asset
  artifactKey: Guid(2085e4591f214620a29dd2ba0b145cb3) Importer(815301076,1909f56bfc062723c751e8b465ee728b)
Start importing Assets/Resources/Config/Enemy2.asset using Guid(2085e4591f214620a29dd2ba0b145cb3) Importer(815301076,1909f56bfc062723c751e8b465ee728b)  -> (artifact id: 'b2d80067e8c8a18063f9740d0588e900') in 0.016333 seconds 
========================================================================
Received Import Request.
  Time since last request: 0.211865 seconds.
  path: Assets/Resources/Config/Enemy3.asset
  artifactKey: Guid(3a0d6f3800cb47eeae4b82dcab3b8726) Importer(815301076,1909f56bfc062723c751e8b465ee728b)
Start importing Assets/Resources/Config/Enemy3.asset using Guid(3a0d6f3800cb47eeae4b82dcab3b8726) Importer(815301076,1909f56bfc062723c751e8b465ee728b)  -> (artifact id: 'bbbf55bc373bfa485d72aaa96ac70a8a') in 0.021249 seconds 
========================================================================
Received Import Request.
  Time since last request: 8.458947 seconds.
  path: Assets/Resources/Prefabs/Enemy/Enemy1.prefab
  artifactKey: Guid(4cacadd4f4dd02a4a876d3ff3d41a008) Importer(815301076,1909f56bfc062723c751e8b465ee728b)
Start importing Assets/Resources/Prefabs/Enemy/Enemy1.prefab using Guid(4cacadd4f4dd02a4a876d3ff3d41a008) Importer(815301076,1909f56bfc062723c751e8b465ee728b)  -> (artifact id: 'c81440d049f73494115cf4afdf2a328a') in 0.516931 seconds 
========================================================================
Received Import Request.
  Time since last request: 0.000037 seconds.
  path: Assets/Resources/Prefabs/Enemy/Enemy5.prefab
  artifactKey: Guid(e298a4f226c80ea4baa22a7015f9a0cc) Importer(815301076,1909f56bfc062723c751e8b465ee728b)
Start importing Assets/Resources/Prefabs/Enemy/Enemy5.prefab using Guid(e298a4f226c80ea4baa22a7015f9a0cc) Importer(815301076,1909f56bfc062723c751e8b465ee728b)  -> (artifact id: '460f2ce3eadfed2bad0defd4aa0a2769') in 0.523259 seconds 
========================================================================
Received Import Request.
  Time since last request: 0.000037 seconds.
  path: Assets/Resources/Prefabs/Enemy/Enemy10.prefab
  artifactKey: Guid(74a65e0e0d2c3a14199f550692b49f9f) Importer(815301076,1909f56bfc062723c751e8b465ee728b)
Start importing Assets/Resources/Prefabs/Enemy/Enemy10.prefab using Guid(74a65e0e0d2c3a14199f550692b49f9f) Importer(815301076,1909f56bfc062723c751e8b465ee728b)  -> (artifact id: '3aa621e985ed01cb48c7e7f8034cae6b') in 0.595783 seconds 
========================================================================
Received Import Request.
  Time since last request: 0.000039 seconds.
  path: Assets/Resources/Prefabs/Enemy/Enemy2.prefab
  artifactKey: Guid(5f40e0211b7b3e44990e9d8d000d0a17) Importer(815301076,1909f56bfc062723c751e8b465ee728b)
Start importing Assets/Resources/Prefabs/Enemy/Enemy2.prefab using Guid(5f40e0211b7b3e44990e9d8d000d0a17) Importer(815301076,1909f56bfc062723c751e8b465ee728b) Controller 'Enemy2': Transition '' in state 'AnyState' uses parameter 'Side' which is not compatible with condition type.
UnityEngine.StackTraceUtility:ExtractStackTrace ()
UnityEditor.EditorUtility:Internal_InstantiateRemoveAllNonAnimationComponentsSingle (UnityEngine.Object,UnityEngine.Vector3,UnityEngine.Quaternion)
UnityEditor.EditorUtility:InstantiateRemoveAllNonAnimationComponents (UnityEngine.Object,UnityEngine.Vector3,UnityEngine.Quaternion)
UnityEditor.EditorUtility:InstantiateForAnimatorPreview (UnityEngine.Object)
UnityEditor.GameObjectInspector/PreviewData:UpdateGameObject (UnityEngine.Object)
UnityEditor.GameObjectInspector/PreviewData:.ctor (UnityEngine.Object)
UnityEditor.GameObjectInspector:GetPreviewData ()
UnityEditor.GameObjectInspector:RenderStaticPreview (string,UnityEngine.Object[],int,int)
UnityEditor.AssetPreviewUpdater:CreatePreview (UnityEngine.Object,UnityEngine.Object[],string,int,int)
UnityEditor.AssetPreviewUpdater:CreatePreviewForAsset (UnityEngine.Object,UnityEngine.Object[],string)

[E:\unity\Modules\Animation\AnimatorController.cpp line 889]

 -> (artifact id: '8ca42d8e5cb75c8095d8903ce0dc9669') in 0.777987 seconds 
========================================================================
Received Import Request.
  Time since last request: 0.000041 seconds.
  path: Assets/Resources/Prefabs/Enemy/Enemy4.prefab
  artifactKey: Guid(729cd4a74485ebe4f87fac66f3e9ab64) Importer(815301076,1909f56bfc062723c751e8b465ee728b)
Start importing Assets/Resources/Prefabs/Enemy/Enemy4.prefab using Guid(729cd4a74485ebe4f87fac66f3e9ab64) Importer(815301076,1909f56bfc062723c751e8b465ee728b)  -> (artifact id: '47d426b99d64fb824b1ca9942da235c9') in 0.422022 seconds 
========================================================================
Received Import Request.
  Time since last request: 47.769533 seconds.
  path: Assets/Resources/Config/Enemy7.asset
  artifactKey: Guid(41fe0688fd5b4518b5258668a4414a06) Importer(815301076,1909f56bfc062723c751e8b465ee728b)
Start importing Assets/Resources/Config/Enemy7.asset using Guid(41fe0688fd5b4518b5258668a4414a06) Importer(815301076,1909f56bfc062723c751e8b465ee728b)  -> (artifact id: '286e4acd772440ba47f39d69f91583ce') in 0.013826 seconds 
========================================================================
Received Import Request.
  Time since last request: 0.000042 seconds.
  path: Assets/Resources/Config/Enemy9.asset
  artifactKey: Guid(96daf029c11f4f9595be3398d320d2bd) Importer(815301076,1909f56bfc062723c751e8b465ee728b)
Start importing Assets/Resources/Config/Enemy9.asset using Guid(96daf029c11f4f9595be3398d320d2bd) Importer(815301076,1909f56bfc062723c751e8b465ee728b)  -> (artifact id: 'f2298188154de2b65d75ba5414957b40') in 0.014840 seconds 
========================================================================
Received Import Request.
  Time since last request: 4.730285 seconds.
  path: Assets/Resources/Prefabs/Enemy/Enemy2.prefab
  artifactKey: Guid(5f40e0211b7b3e44990e9d8d000d0a17) Importer(815301076,1909f56bfc062723c751e8b465ee728b)
Start importing Assets/Resources/Prefabs/Enemy/Enemy2.prefab using Guid(5f40e0211b7b3e44990e9d8d000d0a17) Importer(815301076,1909f56bfc062723c751e8b465ee728b) Controller 'Enemy2': Transition '' in state 'AnyState' uses parameter 'Side' which is not compatible with condition type.
UnityEngine.StackTraceUtility:ExtractStackTrace ()
UnityEditor.EditorUtility:Internal_InstantiateRemoveAllNonAnimationComponentsSingle (UnityEngine.Object,UnityEngine.Vector3,UnityEngine.Quaternion)
UnityEditor.EditorUtility:InstantiateRemoveAllNonAnimationComponents (UnityEngine.Object,UnityEngine.Vector3,UnityEngine.Quaternion)
UnityEditor.EditorUtility:InstantiateForAnimatorPreview (UnityEngine.Object)
UnityEditor.GameObjectInspector/PreviewData:UpdateGameObject (UnityEngine.Object)
UnityEditor.GameObjectInspector/PreviewData:.ctor (UnityEngine.Object)
UnityEditor.GameObjectInspector:GetPreviewData ()
UnityEditor.GameObjectInspector:RenderStaticPreview (string,UnityEngine.Object[],int,int)
UnityEditor.AssetPreviewUpdater:CreatePreview (UnityEngine.Object,UnityEngine.Object[],string,int,int)
UnityEditor.AssetPreviewUpdater:CreatePreviewForAsset (UnityEngine.Object,UnityEngine.Object[],string)

[E:\unity\Modules\Animation\AnimatorController.cpp line 889]

 -> (artifact id: 'e5c4aba54a9985584e04f2aa13b6d1f4') in 0.449655 seconds 
========================================================================
Received Import Request.
  Time since last request: 0.000035 seconds.
  path: Assets/Resources/Prefabs/Enemy/Enemy3.prefab
  artifactKey: Guid(c97911be43826d747a874ad0d00979e1) Importer(815301076,1909f56bfc062723c751e8b465ee728b)
Start importing Assets/Resources/Prefabs/Enemy/Enemy3.prefab using Guid(c97911be43826d747a874ad0d00979e1) Importer(815301076,1909f56bfc062723c751e8b465ee728b)  -> (artifact id: '85e895b124ea9e18aa850f03479fd13b') in 0.585282 seconds 
========================================================================
Received Import Request.
  Time since last request: 0.000047 seconds.
  path: Assets/Resources/Prefabs/Enemy/Enemy6.prefab
  artifactKey: Guid(a045a08472bacb047a6f5d9868ff85fc) Importer(815301076,1909f56bfc062723c751e8b465ee728b)
Start importing Assets/Resources/Prefabs/Enemy/Enemy6.prefab using Guid(a045a08472bacb047a6f5d9868ff85fc) Importer(815301076,1909f56bfc062723c751e8b465ee728b)  -> (artifact id: 'e6287c081c4978238d2ff510e2cdd83b') in 0.532133 seconds 
Editor requested this worker to shutdown with reason: Scaling down because of idle timeout
AssetImportWorker is now disconnected from the server
Process exiting
Exiting without the bug reporter. Application will terminate with return code 0