Using pre-set license
Built from '2021.3/china_unity/release' branch; Version is '2021.3.4f1c1 (64682593795a) revision 6580261'; Using compiler version '192829333'; Build Type 'Release'
OS: 'Windows 11  (10.0.26100) 64bit Professional' Language: 'zh' Physical Memory: 32581 MB
BatchMode: 1, IsHumanControllingUs: 0, StartBugReporterOnCrash: 0, Is64bit: 1, IsPro: 1

COMMAND LINE ARGUMENTS:
C:\Program Files\Unity\Hub\Editor\2021.3.4f1c1\Editor\Unity.exe
-adb2
-batchMode
-noUpm
-name
AssetImportWorker16
-projectPath
B:/Learn/Unity/AITowerGame
-logFile
Logs/AssetImportWorker16.log
-srvPort
49618
Successfully changed project path to: B:/Learn/Unity/AITowerGame
B:/Learn/Unity/AITowerGame
[UnityMemory] Configuration Parameters - Can be set up in boot.config
    "memorysetup-bucket-allocator-granularity=16"
    "memorysetup-bucket-allocator-bucket-count=8"
    "memorysetup-bucket-allocator-block-size=33554432"
    "memorysetup-bucket-allocator-block-count=8"
    "memorysetup-main-allocator-block-size=16777216"
    "memorysetup-thread-allocator-block-size=16777216"
    "memorysetup-gfx-main-allocator-block-size=16777216"
    "memorysetup-gfx-thread-allocator-block-size=16777216"
    "memorysetup-cache-allocator-block-size=4194304"
    "memorysetup-typetree-allocator-block-size=2097152"
    "memorysetup-profiler-bucket-allocator-granularity=16"
    "memorysetup-profiler-bucket-allocator-bucket-count=8"
    "memorysetup-profiler-bucket-allocator-block-size=33554432"
    "memorysetup-profiler-bucket-allocator-block-count=8"
    "memorysetup-profiler-allocator-block-size=16777216"
    "memorysetup-profiler-editor-allocator-block-size=1048576"
    "memorysetup-temp-allocator-size-main=16777216"
    "memorysetup-job-temp-allocator-block-size=2097152"
    "memorysetup-job-temp-allocator-block-size-background=1048576"
    "memorysetup-job-temp-allocator-reduction-small-platforms=262144"
    "memorysetup-temp-allocator-size-background-worker=32768"
    "memorysetup-temp-allocator-size-job-worker=262144"
    "memorysetup-temp-allocator-size-preload-manager=33554432"
    "memorysetup-temp-allocator-size-nav-mesh-worker=65536"
    "memorysetup-temp-allocator-size-audio-worker=65536"
    "memorysetup-temp-allocator-size-cloud-worker=32768"
    "memorysetup-temp-allocator-size-gi-baking-worker=262144"
    "memorysetup-temp-allocator-size-gfx=262144"
AS: AutoStreaming module initializing.
Refreshing native plugins compatible for Editor in 153.42 ms, found 4 plugins.
Preloading 0 native plugins for Editor in 0.00 ms.
Initialize engine version: 2021.3.4f1c1 (64682593795a)
[Subsystems] Discovering subsystems at path C:/Program Files/Unity/Hub/Editor/2021.3.4f1c1/Editor/Data/Resources/UnitySubsystems
[Subsystems] Discovering subsystems at path B:/Learn/Unity/AITowerGame/Assets
GfxDevice: creating device client; threaded=0; jobified=0
Direct3D:
    Version:  Direct3D 11.0 [level 11.1]
    Renderer: NVIDIA GeForce RTX 3060 (ID=0x2487)
    Vendor:   NVIDIA
    VRAM:     12110 MB
    Driver:   32.0.15.6094
Initialize mono
Mono path[0] = 'C:/Program Files/Unity/Hub/Editor/2021.3.4f1c1/Editor/Data/Managed'
Mono path[1] = 'C:/Program Files/Unity/Hub/Editor/2021.3.4f1c1/Editor/Data/MonoBleedingEdge/lib/mono/unityjit-win32'
Mono config path = 'C:/Program Files/Unity/Hub/Editor/2021.3.4f1c1/Editor/Data/MonoBleedingEdge/etc'
Using monoOptions --debugger-agent=transport=dt_socket,embedding=1,server=y,suspend=n,address=127.0.0.1:56828
Begin MonoManager ReloadAssembly
Registering precompiled unity dll's ...
Register platform support module: C:/Program Files/Unity/Hub/Editor/2021.3.4f1c1/Editor/Data/PlaybackEngines/WebGLSupport/UnityEditor.WebGL.Extensions.dll
Register platform support module: C:/Program Files/Unity/Hub/Editor/2021.3.4f1c1/Editor/Data/PlaybackEngines/AndroidPlayer/UnityEditor.Android.Extensions.dll
Register platform support module: C:/Program Files/Unity/Hub/Editor/2021.3.4f1c1/Editor/Data/PlaybackEngines/WindowsStandaloneSupport/UnityEditor.WindowsStandalone.Extensions.dll
Registered in 0.045505 seconds.
Native extension for WindowsStandalone target not found
Native extension for Android target not found
Native extension for WebGL target not found
Refreshing native plugins compatible for Editor in 104.84 ms, found 4 plugins.
Preloading 0 native plugins for Editor in 0.00 ms.
Mono: successfully reloaded assembly
- Completed reload, in  1.365 seconds
Domain Reload Profiling:
	ReloadAssembly (1366ms)
		BeginReloadAssembly (280ms)
			ExecutionOrderSort (0ms)
			DisableScriptedObjects (0ms)
			BackupInstance (0ms)
			ReleaseScriptingObjects (0ms)
			CreateAndSetChildDomain (1ms)
		EndReloadAssembly (714ms)
			LoadAssemblies (229ms)
			RebuildTransferFunctionScriptingTraits (0ms)
			SetupTypeCache (110ms)
			ReleaseScriptCaches (0ms)
			RebuildScriptCaches (29ms)
			SetupLoadedEditorAssemblies (348ms)
				LogAssemblyErrors (0ms)
				InitializePlatformSupportModulesInManaged (78ms)
				SetLoadedEditorAssemblies (0ms)
				RefreshPlugins (105ms)
				BeforeProcessingInitializeOnLoad (1ms)
				ProcessInitializeOnLoadAttributes (106ms)
				ProcessInitializeOnLoadMethodAttributes (58ms)
				AfterProcessingInitializeOnLoad (0ms)
				EditorAssembliesLoaded (0ms)
			ExecutionOrderSort2 (0ms)
			AwakeInstancesAfterBackupRestoration (0ms)
Platform modules already initialized, skipping
Registering precompiled user dll's ...
Registered in 0.091099 seconds.
Begin MonoManager ReloadAssembly
Symbol file LoadedFromMemory doesn't match image B:\Learn\Unity\AITowerGame\Library\PackageCache\com.unity.visualscripting@1.7.8\Editor\VisualScripting.Core\Dependencies\YamlDotNet\Unity.VisualScripting.YamlDotNet.dll
Symbol file LoadedFromMemory doesn't match image B:\Learn\Unity\AITowerGame\Library\PackageCache\com.unity.visualscripting@1.7.8\Editor\VisualScripting.Core\Dependencies\DotNetZip\Unity.VisualScripting.IonicZip.dll
Native extension for WindowsStandalone target not found
Native extension for Android target not found
Native extension for WebGL target not found
Refreshing native plugins compatible for Editor in 109.63 ms, found 4 plugins.
Preloading 0 native plugins for Editor in 0.00 ms.
Mono: successfully reloaded assembly
- Completed reload, in  2.625 seconds
Domain Reload Profiling:
	ReloadAssembly (2626ms)
		BeginReloadAssembly (358ms)
			ExecutionOrderSort (0ms)
			DisableScriptedObjects (4ms)
			BackupInstance (0ms)
			ReleaseScriptingObjects (0ms)
			CreateAndSetChildDomain (130ms)
		EndReloadAssembly (1832ms)
			LoadAssemblies (374ms)
			RebuildTransferFunctionScriptingTraits (0ms)
			SetupTypeCache (239ms)
			ReleaseScriptCaches (1ms)
			RebuildScriptCaches (54ms)
			SetupLoadedEditorAssemblies (936ms)
				LogAssemblyErrors (0ms)
				InitializePlatformSupportModulesInManaged (37ms)
				SetLoadedEditorAssemblies (0ms)
				RefreshPlugins (110ms)
				BeforeProcessingInitializeOnLoad (232ms)
				ProcessInitializeOnLoadAttributes (308ms)
				ProcessInitializeOnLoadMethodAttributes (47ms)
				AfterProcessingInitializeOnLoad (201ms)
				EditorAssembliesLoaded (0ms)
			ExecutionOrderSort2 (0ms)
			AwakeInstancesAfterBackupRestoration (7ms)
Platform modules already initialized, skipping
========================================================================
Worker process is ready to serve import requests
Launched and connected shader compiler UnityShaderCompiler.exe after 0.14 seconds
Refreshing native plugins compatible for Editor in 0.82 ms, found 4 plugins.
Preloading 0 native plugins for Editor in 0.00 ms.
Unloading 4095 Unused Serialized files (Serialized files now loaded: 0)
Unloading 38 unused Assets / (55.2 KB). Loaded Objects now: 4555.
Memory consumption went from 152.5 MB to 152.5 MB.
Total: 3.670200 ms (FindLiveObjects: 0.272900 ms CreateObjectMapping: 0.128900 ms MarkObjects: 3.163100 ms  DeleteObjects: 0.104100 ms)

AssetImportParameters requested are different than current active one (requested -> active):
  custom:video-decoder-ogg-theora: a1e56fd34408186e4bbccfd4996cb3dc -> 
  custom:container-muxer-webm: aa71ff27fc2769a1b78a27578f13a17b -> 
  custom:container-demuxer-webm: 4f35f7cbe854078d1ac9338744f61a02 -> 
  custom:video-encoder-webm-vp8: eb34c28f22e8b96e1ab97ce403110664 -> 
  custom:audio-encoder-webm-vorbis: bf7c407c2cedff20999df2af8eb42d56 -> 
  custom:framework-win-MediaFoundation: 216162199b28c13a410421893ffa2e32 -> 
  custom:container-demuxer-ogg: 62fdf1f143b41e24485cea50d1cbac27 -> 
  custom:video-decoder-webm-vp8: 9c59270c3fd7afecdb556c50c9e8de78 -> 
  custom:audio-decoder-ogg-vorbis: bf7c407c2cedff20999df2af8eb42d56 -> 
========================================================================
Received Import Request.
  Time since last request: 613769.746572 seconds.
  path: Assets/Resources/Config/Enemy6.asset
  artifactKey: Guid(37adaca45149426f8d3aecee6fb4c1cb) Importer(815301076,1909f56bfc062723c751e8b465ee728b)
Start importing Assets/Resources/Config/Enemy6.asset using Guid(37adaca45149426f8d3aecee6fb4c1cb) Importer(815301076,1909f56bfc062723c751e8b465ee728b)  -> (artifact id: '425d72f27b130f248f61aea799a68a29') in 0.088645 seconds 
========================================================================
Received Import Request.
  Time since last request: 4.681380 seconds.
  path: Assets/Resources/Prefabs/Enemy/Enemy1.prefab
  artifactKey: Guid(4cacadd4f4dd02a4a876d3ff3d41a008) Importer(815301076,1909f56bfc062723c751e8b465ee728b)
Start importing Assets/Resources/Prefabs/Enemy/Enemy1.prefab using Guid(4cacadd4f4dd02a4a876d3ff3d41a008) Importer(815301076,1909f56bfc062723c751e8b465ee728b)  -> (artifact id: '0f59478a7a318359530a7419933b8bb0') in 0.363366 seconds 
========================================================================
Received Import Request.
  Time since last request: 0.000035 seconds.
  path: Assets/Resources/Prefabs/Enemy/Enemy9.prefab
  artifactKey: Guid(d50175a25fda5b94db2929360762b78a) Importer(815301076,1909f56bfc062723c751e8b465ee728b)
Start importing Assets/Resources/Prefabs/Enemy/Enemy9.prefab using Guid(d50175a25fda5b94db2929360762b78a) Importer(815301076,1909f56bfc062723c751e8b465ee728b)  -> (artifact id: '85b2146598e1141133675ec9510da6a3') in 0.528486 seconds 
========================================================================
Received Import Request.
  Time since last request: 0.000049 seconds.
  path: Assets/Resources/Prefabs/Enemy/Enemy7.prefab
  artifactKey: Guid(d0a46c0f93fe2fb4892f6672aaff93a6) Importer(815301076,1909f56bfc062723c751e8b465ee728b)
Start importing Assets/Resources/Prefabs/Enemy/Enemy7.prefab using Guid(d0a46c0f93fe2fb4892f6672aaff93a6) Importer(815301076,1909f56bfc062723c751e8b465ee728b)  -> (artifact id: '4c678db3848fe6dda79a5312e2f5d9e1') in 0.545986 seconds 
========================================================================
Received Import Request.
  Time since last request: 0.000029 seconds.
  path: Assets/Resources/Prefabs/Enemy/Enemy8.prefab
  artifactKey: Guid(8b8ec6f38b6c1b34ea63fdd8dafa879c) Importer(815301076,1909f56bfc062723c751e8b465ee728b)
Start importing Assets/Resources/Prefabs/Enemy/Enemy8.prefab using Guid(8b8ec6f38b6c1b34ea63fdd8dafa879c) Importer(815301076,1909f56bfc062723c751e8b465ee728b)  -> (artifact id: '662d0944d5ba12a115217e4294a1043f') in 0.332721 seconds 
========================================================================
Received Prepare
Registering precompiled user dll's ...
Registered in 0.166863 seconds.
Begin MonoManager ReloadAssembly
Symbol file LoadedFromMemory doesn't match image B:\Learn\Unity\AITowerGame\Library\PackageCache\com.unity.visualscripting@1.7.8\Editor\VisualScripting.Core\Dependencies\YamlDotNet\Unity.VisualScripting.YamlDotNet.dll
Symbol file LoadedFromMemory doesn't match image B:\Learn\Unity\AITowerGame\Library\PackageCache\com.unity.visualscripting@1.7.8\Editor\VisualScripting.Core\Dependencies\DotNetZip\Unity.VisualScripting.IonicZip.dll
Native extension for WindowsStandalone target not found
Native extension for Android target not found
Native extension for WebGL target not found
Refreshing native plugins compatible for Editor in 0.91 ms, found 4 plugins.
Preloading 0 native plugins for Editor in 0.00 ms.
Mono: successfully reloaded assembly
- Completed reload, in  3.357 seconds
Domain Reload Profiling:
	ReloadAssembly (3357ms)
		BeginReloadAssembly (614ms)
			ExecutionOrderSort (0ms)
			DisableScriptedObjects (5ms)
			BackupInstance (0ms)
			ReleaseScriptingObjects (0ms)
			CreateAndSetChildDomain (45ms)
		EndReloadAssembly (2233ms)
			LoadAssemblies (557ms)
			RebuildTransferFunctionScriptingTraits (0ms)
			SetupTypeCache (233ms)
			ReleaseScriptCaches (1ms)
			RebuildScriptCaches (41ms)
			SetupLoadedEditorAssemblies (953ms)
				LogAssemblyErrors (0ms)
				InitializePlatformSupportModulesInManaged (54ms)
				SetLoadedEditorAssemblies (0ms)
				RefreshPlugins (1ms)
				BeforeProcessingInitializeOnLoad (247ms)
				ProcessInitializeOnLoadAttributes (214ms)
				ProcessInitializeOnLoadMethodAttributes (58ms)
				AfterProcessingInitializeOnLoad (378ms)
				EditorAssembliesLoaded (0ms)
			ExecutionOrderSort2 (0ms)
			AwakeInstancesAfterBackupRestoration (12ms)
Platform modules already initialized, skipping
Refreshing native plugins compatible for Editor in 20.53 ms, found 4 plugins.
Preloading 0 native plugins for Editor in 0.00 ms.
Unloading 4084 Unused Serialized files (Serialized files now loaded: 0)
Unloading 25 unused Assets / (24.7 KB). Loaded Objects now: 4564.
Memory consumption went from 156.3 MB to 156.3 MB.
Total: 2.711100 ms (FindLiveObjects: 0.213700 ms CreateObjectMapping: 0.102700 ms MarkObjects: 2.366100 ms  DeleteObjects: 0.026300 ms)

AssetImportParameters requested are different than current active one (requested -> active):
  custom:video-decoder-ogg-theora: a1e56fd34408186e4bbccfd4996cb3dc -> 
  custom:container-muxer-webm: aa71ff27fc2769a1b78a27578f13a17b -> 
  custom:container-demuxer-webm: 4f35f7cbe854078d1ac9338744f61a02 -> 
  custom:video-encoder-webm-vp8: eb34c28f22e8b96e1ab97ce403110664 -> 
  custom:audio-encoder-webm-vorbis: bf7c407c2cedff20999df2af8eb42d56 -> 
  custom:framework-win-MediaFoundation: 216162199b28c13a410421893ffa2e32 -> 
  custom:container-demuxer-ogg: 62fdf1f143b41e24485cea50d1cbac27 -> 
  custom:video-decoder-webm-vp8: 9c59270c3fd7afecdb556c50c9e8de78 -> 
  custom:audio-decoder-ogg-vorbis: bf7c407c2cedff20999df2af8eb42d56 -> 
========================================================================
Received Import Request.
  Time since last request: 632.256204 seconds.
  path: Assets/Resources/Prefabs/Enemy/Enemy1.prefab
  artifactKey: Guid(4cacadd4f4dd02a4a876d3ff3d41a008) Importer(815301076,1909f56bfc062723c751e8b465ee728b)
Start importing Assets/Resources/Prefabs/Enemy/Enemy1.prefab using Guid(4cacadd4f4dd02a4a876d3ff3d41a008) Importer(815301076,1909f56bfc062723c751e8b465ee728b)  -> (artifact id: '000eae2c204f8f735f9baf26d4c7dc17') in 0.263844 seconds 
========================================================================
Received Import Request.
  Time since last request: 0.000034 seconds.
  path: Assets/Resources/Prefabs/Enemy/Enemy5.prefab
  artifactKey: Guid(e298a4f226c80ea4baa22a7015f9a0cc) Importer(815301076,1909f56bfc062723c751e8b465ee728b)
Start importing Assets/Resources/Prefabs/Enemy/Enemy5.prefab using Guid(e298a4f226c80ea4baa22a7015f9a0cc) Importer(815301076,1909f56bfc062723c751e8b465ee728b)  -> (artifact id: 'd60bd149d34965dd6b15533bfca1601a') in 0.606647 seconds 
========================================================================
Received Import Request.
  Time since last request: 0.000055 seconds.
  path: Assets/Resources/Prefabs/Enemy/Enemy10.prefab
  artifactKey: Guid(74a65e0e0d2c3a14199f550692b49f9f) Importer(815301076,1909f56bfc062723c751e8b465ee728b)
Start importing Assets/Resources/Prefabs/Enemy/Enemy10.prefab using Guid(74a65e0e0d2c3a14199f550692b49f9f) Importer(815301076,1909f56bfc062723c751e8b465ee728b)  -> (artifact id: '88e11b293fe77f8e659d89059864f878') in 0.386242 seconds 
========================================================================
Received Import Request.
  Time since last request: 0.000047 seconds.
  path: Assets/Resources/Prefabs/Enemy/Enemy7.prefab
  artifactKey: Guid(d0a46c0f93fe2fb4892f6672aaff93a6) Importer(815301076,1909f56bfc062723c751e8b465ee728b)
Start importing Assets/Resources/Prefabs/Enemy/Enemy7.prefab using Guid(d0a46c0f93fe2fb4892f6672aaff93a6) Importer(815301076,1909f56bfc062723c751e8b465ee728b)  -> (artifact id: 'c9dfe19c2c54fd9cc7435b6c1c7d98fa') in 0.280178 seconds 
========================================================================
Received Import Request.
  Time since last request: 0.000034 seconds.
  path: Assets/Resources/Prefabs/Enemy/Enemy6.prefab
  artifactKey: Guid(a045a08472bacb047a6f5d9868ff85fc) Importer(815301076,1909f56bfc062723c751e8b465ee728b)
Start importing Assets/Resources/Prefabs/Enemy/Enemy6.prefab using Guid(a045a08472bacb047a6f5d9868ff85fc) Importer(815301076,1909f56bfc062723c751e8b465ee728b)  -> (artifact id: 'e22457b9bca6e057d0941822dbf0dd93') in 0.347841 seconds 
========================================================================
Received Import Request.
  Time since last request: 0.000045 seconds.
  path: Assets/Resources/Prefabs/Enemy/Enemy8.prefab
  artifactKey: Guid(8b8ec6f38b6c1b34ea63fdd8dafa879c) Importer(815301076,1909f56bfc062723c751e8b465ee728b)
Start importing Assets/Resources/Prefabs/Enemy/Enemy8.prefab using Guid(8b8ec6f38b6c1b34ea63fdd8dafa879c) Importer(815301076,1909f56bfc062723c751e8b465ee728b)  -> (artifact id: '11bfc969a9af8b3892a6782d01b21baa') in 0.355759 seconds 
========================================================================
Received Prepare
Registering precompiled user dll's ...
Registered in 0.149035 seconds.
Begin MonoManager ReloadAssembly
Symbol file LoadedFromMemory doesn't match image B:\Learn\Unity\AITowerGame\Library\PackageCache\com.unity.visualscripting@1.7.8\Editor\VisualScripting.Core\Dependencies\YamlDotNet\Unity.VisualScripting.YamlDotNet.dll
Symbol file LoadedFromMemory doesn't match image B:\Learn\Unity\AITowerGame\Library\PackageCache\com.unity.visualscripting@1.7.8\Editor\VisualScripting.Core\Dependencies\DotNetZip\Unity.VisualScripting.IonicZip.dll
Native extension for WindowsStandalone target not found
Native extension for Android target not found
Native extension for WebGL target not found
Refreshing native plugins compatible for Editor in 2.34 ms, found 4 plugins.
Preloading 0 native plugins for Editor in 0.00 ms.
Mono: successfully reloaded assembly
- Completed reload, in  3.492 seconds
Domain Reload Profiling:
	ReloadAssembly (3493ms)
		BeginReloadAssembly (470ms)
			ExecutionOrderSort (0ms)
			DisableScriptedObjects (4ms)
			BackupInstance (0ms)
			ReleaseScriptingObjects (0ms)
			CreateAndSetChildDomain (32ms)
		EndReloadAssembly (2356ms)
			LoadAssemblies (616ms)
			RebuildTransferFunctionScriptingTraits (0ms)
			SetupTypeCache (277ms)
			ReleaseScriptCaches (1ms)
			RebuildScriptCaches (52ms)
			SetupLoadedEditorAssemblies (987ms)
				LogAssemblyErrors (0ms)
				InitializePlatformSupportModulesInManaged (70ms)
				SetLoadedEditorAssemblies (1ms)
				RefreshPlugins (3ms)
				BeforeProcessingInitializeOnLoad (349ms)
				ProcessInitializeOnLoadAttributes (230ms)
				ProcessInitializeOnLoadMethodAttributes (48ms)
				AfterProcessingInitializeOnLoad (287ms)
				EditorAssembliesLoaded (0ms)
			ExecutionOrderSort2 (0ms)
			AwakeInstancesAfterBackupRestoration (11ms)
Platform modules already initialized, skipping
Refreshing native plugins compatible for Editor in 49.40 ms, found 4 plugins.
Preloading 0 native plugins for Editor in 0.00 ms.
Unloading 4084 Unused Serialized files (Serialized files now loaded: 0)
Unloading 25 unused Assets / (25.7 KB). Loaded Objects now: 4567.
Memory consumption went from 156.4 MB to 156.4 MB.
Total: 3.024500 ms (FindLiveObjects: 0.210700 ms CreateObjectMapping: 0.107900 ms MarkObjects: 2.597100 ms  DeleteObjects: 0.107400 ms)

AssetImportParameters requested are different than current active one (requested -> active):
  custom:video-decoder-ogg-theora: a1e56fd34408186e4bbccfd4996cb3dc -> 
  custom:container-muxer-webm: aa71ff27fc2769a1b78a27578f13a17b -> 
  custom:container-demuxer-webm: 4f35f7cbe854078d1ac9338744f61a02 -> 
  custom:video-encoder-webm-vp8: eb34c28f22e8b96e1ab97ce403110664 -> 
  custom:audio-encoder-webm-vorbis: bf7c407c2cedff20999df2af8eb42d56 -> 
  custom:framework-win-MediaFoundation: 216162199b28c13a410421893ffa2e32 -> 
  custom:container-demuxer-ogg: 62fdf1f143b41e24485cea50d1cbac27 -> 
  custom:video-decoder-webm-vp8: 9c59270c3fd7afecdb556c50c9e8de78 -> 
  custom:audio-decoder-ogg-vorbis: bf7c407c2cedff20999df2af8eb42d56 -> 
========================================================================
Received Import Request.
  Time since last request: 120.260327 seconds.
  path: Assets/Resources/Prefabs/Enemy/Enemy5.prefab
  artifactKey: Guid(e298a4f226c80ea4baa22a7015f9a0cc) Importer(815301076,1909f56bfc062723c751e8b465ee728b)
Start importing Assets/Resources/Prefabs/Enemy/Enemy5.prefab using Guid(e298a4f226c80ea4baa22a7015f9a0cc) Importer(815301076,1909f56bfc062723c751e8b465ee728b)  -> (artifact id: '147b2d2fa4733e8673ff65af2171f724') in 0.676164 seconds 
========================================================================
Received Import Request.
  Time since last request: 0.000048 seconds.
  path: Assets/Resources/Prefabs/Enemy/Enemy.prefab
  artifactKey: Guid(8d48963cf73ec5d4eb8ec2c94a7b57e2) Importer(815301076,1909f56bfc062723c751e8b465ee728b)
Start importing Assets/Resources/Prefabs/Enemy/Enemy.prefab using Guid(8d48963cf73ec5d4eb8ec2c94a7b57e2) Importer(815301076,1909f56bfc062723c751e8b465ee728b)  -> (artifact id: '5e2cdb149cec1486cba077773f0ad50c') in 0.336422 seconds 
========================================================================
Received Import Request.
  Time since last request: 0.000049 seconds.
  path: Assets/Resources/Prefabs/Enemy/Enemy3.prefab
  artifactKey: Guid(c97911be43826d747a874ad0d00979e1) Importer(815301076,1909f56bfc062723c751e8b465ee728b)
Start importing Assets/Resources/Prefabs/Enemy/Enemy3.prefab using Guid(c97911be43826d747a874ad0d00979e1) Importer(815301076,1909f56bfc062723c751e8b465ee728b)  -> (artifact id: 'e4b582af972c0c37355056934c8d0f23') in 0.684479 seconds 
========================================================================
Received Import Request.
  Time since last request: 0.000038 seconds.
  path: Assets/Resources/Prefabs/Enemy/Enemy7.prefab
  artifactKey: Guid(d0a46c0f93fe2fb4892f6672aaff93a6) Importer(815301076,1909f56bfc062723c751e8b465ee728b)
Start importing Assets/Resources/Prefabs/Enemy/Enemy7.prefab using Guid(d0a46c0f93fe2fb4892f6672aaff93a6) Importer(815301076,1909f56bfc062723c751e8b465ee728b)  -> (artifact id: '46b79be236e96feb942350e3a6043d54') in 0.626358 seconds 
========================================================================
Received Import Request.
  Time since last request: 0.000063 seconds.
  path: Assets/Resources/Prefabs/Enemy/Enemy6.prefab
  artifactKey: Guid(a045a08472bacb047a6f5d9868ff85fc) Importer(815301076,1909f56bfc062723c751e8b465ee728b)
Start importing Assets/Resources/Prefabs/Enemy/Enemy6.prefab using Guid(a045a08472bacb047a6f5d9868ff85fc) Importer(815301076,1909f56bfc062723c751e8b465ee728b)  -> (artifact id: '2b1885df6aa606f93edb4287d4142753') in 0.555890 seconds 
========================================================================
Received Import Request.
  Time since last request: 0.000048 seconds.
  path: Assets/Resources/Prefabs/Enemy/Enemy8.prefab
  artifactKey: Guid(8b8ec6f38b6c1b34ea63fdd8dafa879c) Importer(815301076,1909f56bfc062723c751e8b465ee728b)
Start importing Assets/Resources/Prefabs/Enemy/Enemy8.prefab using Guid(8b8ec6f38b6c1b34ea63fdd8dafa879c) Importer(815301076,1909f56bfc062723c751e8b465ee728b)  -> (artifact id: '58c70ce21c13bb7046e1f96b577667b0') in 0.410444 seconds 
========================================================================
Received Import Request.
  Time since last request: 19.142647 seconds.
  path: Assets/Resources/Prefabs/Enemy/Enemy2.prefab
  artifactKey: Guid(5f40e0211b7b3e44990e9d8d000d0a17) Importer(815301076,1909f56bfc062723c751e8b465ee728b)
Start importing Assets/Resources/Prefabs/Enemy/Enemy2.prefab using Guid(5f40e0211b7b3e44990e9d8d000d0a17) Importer(815301076,1909f56bfc062723c751e8b465ee728b) Controller 'Enemy2': Transition '' in state 'AnyState' uses parameter 'Side' which is not compatible with condition type.
UnityEngine.StackTraceUtility:ExtractStackTrace ()
UnityEditor.EditorUtility:Internal_InstantiateRemoveAllNonAnimationComponentsSingle (UnityEngine.Object,UnityEngine.Vector3,UnityEngine.Quaternion)
UnityEditor.EditorUtility:InstantiateRemoveAllNonAnimationComponents (UnityEngine.Object,UnityEngine.Vector3,UnityEngine.Quaternion)
UnityEditor.EditorUtility:InstantiateForAnimatorPreview (UnityEngine.Object)
UnityEditor.GameObjectInspector/PreviewData:UpdateGameObject (UnityEngine.Object)
UnityEditor.GameObjectInspector/PreviewData:.ctor (UnityEngine.Object)
UnityEditor.GameObjectInspector:GetPreviewData ()
UnityEditor.GameObjectInspector:RenderStaticPreview (string,UnityEngine.Object[],int,int)
UnityEditor.AssetPreviewUpdater:CreatePreview (UnityEngine.Object,UnityEngine.Object[],string,int,int)
UnityEditor.AssetPreviewUpdater:CreatePreviewForAsset (UnityEngine.Object,UnityEngine.Object[],string)

[E:\unity\Modules\Animation\AnimatorController.cpp line 889]

 -> (artifact id: '07f95f5616b86d461e754ea6bfcc4274') in 0.658714 seconds 
========================================================================
Received Import Request.
  Time since last request: 0.000041 seconds.
  path: Assets/Resources/Prefabs/Enemy/Enemy3.prefab
  artifactKey: Guid(c97911be43826d747a874ad0d00979e1) Importer(815301076,1909f56bfc062723c751e8b465ee728b)
Start importing Assets/Resources/Prefabs/Enemy/Enemy3.prefab using Guid(c97911be43826d747a874ad0d00979e1) Importer(815301076,1909f56bfc062723c751e8b465ee728b)  -> (artifact id: '78327fc9987aee0ea2ec8f56304db86e') in 0.575335 seconds 
========================================================================
Received Import Request.
  Time since last request: 0.000052 seconds.
  path: Assets/Resources/Prefabs/Enemy/Enemy6.prefab
  artifactKey: Guid(a045a08472bacb047a6f5d9868ff85fc) Importer(815301076,1909f56bfc062723c751e8b465ee728b)
Start importing Assets/Resources/Prefabs/Enemy/Enemy6.prefab using Guid(a045a08472bacb047a6f5d9868ff85fc) Importer(815301076,1909f56bfc062723c751e8b465ee728b)  -> (artifact id: '1f5adffdd7d975b2a3e0dce0dabb94fb') in 0.449823 seconds 
Editor requested this worker to shutdown with reason: Scaling down because of idle timeout
AssetImportWorker is now disconnected from the server
Process exiting
Exiting without the bug reporter. Application will terminate with return code 0